
*** Running vivado
    with args -log top.vdi -applog -m64 -messageDb vivado.pb -mode batch -source top.tcl -notrace


****** Vivado v2014.4 (64-bit)
  **** SW Build 1071353 on Tue Nov 18 18:24:04 MST 2014
  **** IP Build 1070531 on Tue Nov 18 01:10:18 MST 2014
    ** Copyright 1986-2014 Xilinx, Inc. All Rights Reserved.

source top.tcl -notrace
Design is defaulting to srcset: sources_1
Design is defaulting to constrset: constrs_1
INFO: [Project 1-454] Reading design checkpoint 'C:/Users/ZhengchengTao/Documents/VC709_IPbus_trigger/project_2/project_2.runs/trigger_clock_synth_synth_1/trigger_clock_synth.dcp' for cell 'slaves/slave6/trigger_top/trigger_clock_synth'
INFO: [Project 1-454] Reading design checkpoint 'C:/Users/ZhengchengTao/Documents/VC709_IPbus_trigger/project_2/project_2.runs/aurora_8b10b_0_synth_1/aurora_8b10b_0.dcp' for cell 'slaves/slave6/trigger_top/tracklet_processing_phi0/aurora_test_top/LinkProjPhiPlus/aurora_8b10b_0'
INFO: [Project 1-454] Reading design checkpoint 'C:/Users/ZhengchengTao/Documents/VC709_IPbus_trigger/project_2/project_2.runs/aurora_8b10b_1_synth_1/aurora_8b10b_1.dcp' for cell 'slaves/slave6/trigger_top/tracklet_processing_phi0/aurora_test_top/LinkProjPhiMinus/aurora_8b10b_1'
INFO: [Project 1-454] Reading design checkpoint 'C:/Users/ZhengchengTao/Documents/VC709_IPbus_trigger/project_2/project_2.runs/gig_ethernet_pcs_pma_0_synth_1/gig_ethernet_pcs_pma_0.dcp' for cell 'eth/phy'
INFO: [Project 1-454] Reading design checkpoint 'C:/Users/ZhengchengTao/Documents/VC709_IPbus_trigger/project_2/project_2.runs/link_axis_data_fifo_synth_1/link_axis_data_fifo.dcp' for cell 'slaves/slave6/trigger_top/tracklet_processing_phi0/aurora_test_top/LinkProjPhiMinus/rx_fifo'
INFO: [Project 1-454] Reading design checkpoint 'C:/Users/ZhengchengTao/Documents/VC709_IPbus_trigger/project_2/project_2.runs/link_axis_data_fifo_synth_1/link_axis_data_fifo.dcp' for cell 'slaves/slave6/trigger_top/tracklet_processing_phi0/aurora_test_top/LinkProjPhiMinus/tx_fifo'
INFO: [Project 1-454] Reading design checkpoint 'C:/Users/ZhengchengTao/Documents/VC709_IPbus_trigger/project_2/project_2.runs/link_axis_data_fifo_synth_1/link_axis_data_fifo.dcp' for cell 'slaves/slave6/trigger_top/tracklet_processing_phi0/aurora_test_top/LinkProjPhiPlus/rx_fifo'
INFO: [Project 1-454] Reading design checkpoint 'C:/Users/ZhengchengTao/Documents/VC709_IPbus_trigger/project_2/project_2.runs/link_axis_data_fifo_synth_1/link_axis_data_fifo.dcp' for cell 'slaves/slave6/trigger_top/tracklet_processing_phi0/aurora_test_top/LinkProjPhiPlus/tx_fifo'
INFO: [Project 1-454] Reading design checkpoint 'C:/Users/ZhengchengTao/Documents/VC709_IPbus_trigger/project_2/project_2.runs/TP_raw_stub_fifo_synth_1/TP_raw_stub_fifo.dcp' for cell 'slaves/slave6/trigger_top/tracklet_processing_phi0/R1Link1/raw_stubs'
INFO: [Netlist 29-17] Analyzing 661 Unisim elements for replacement
INFO: [Netlist 29-28] Unisim Transformation completed in 0 CPU seconds
INFO: [Project 1-479] Netlist was created with Vivado 2014.4
Loading clock regions from D:/Xilinx/Vivado/2014.4/data\parts/xilinx/virtex7/virtex7/xc7vx690t/ClockRegion.xml
Loading clock buffers from D:/Xilinx/Vivado/2014.4/data\parts/xilinx/virtex7/virtex7/xc7vx690t/ClockBuffers.xml
Loading clock placement rules from D:/Xilinx/Vivado/2014.4/data/parts/xilinx/virtex7/ClockPlacerRules.xml
Loading package pin functions from D:/Xilinx/Vivado/2014.4/data\parts/xilinx/virtex7/PinFunctions.xml...
Loading package from D:/Xilinx/Vivado/2014.4/data\parts/xilinx/virtex7/virtex7/xc7vx690t/ffg1761/Package.xml
Loading io standards from D:/Xilinx/Vivado/2014.4/data\./parts/xilinx/virtex7/IOStandards.xml
Loading device configuration modes from D:/Xilinx/Vivado/2014.4/data\parts/xilinx/virtex7/ConfigModes.xml
INFO: [Project 1-570] Preparing netlist for logic optimization
INFO: [Opt 31-140] Inserted 2 IBUFs to IO ports without IO buffers.
INFO: [Opt 31-141] Inserted 0 OBUFs to IO ports without IO buffers.
WARNING: [Constraints 18-1079] Register slaves/slave6/trigger_top/tracklet_processing_phi0/R1Link1/raw_stubs/U0/inst_fifo_gen/gconvfifo.rf/grf.rf/rstblk/ngwrdrst.grst.g7serrst.rd_rst_asreg_reg and slaves/slave6/trigger_top/tracklet_processing_phi0/R1Link1/raw_stubs/U0/inst_fifo_gen/gconvfifo.rf/grf.rf/rstblk/ngwrdrst.grst.g7serrst.rd_rst_asreg_d1_reg are from the same synchronizer and have the ASYNC_REG property set, but could not be placed into the same slice due to constraints or mismatched control signals on the registers.
WARNING: [Constraints 18-1079] Register slaves/slave6/trigger_top/tracklet_processing_phi0/R1Link1/raw_stubs/U0/inst_fifo_gen/gconvfifo.rf/grf.rf/rstblk/ngwrdrst.grst.g7serrst.wr_rst_asreg_reg and slaves/slave6/trigger_top/tracklet_processing_phi0/R1Link1/raw_stubs/U0/inst_fifo_gen/gconvfifo.rf/grf.rf/rstblk/ngwrdrst.grst.g7serrst.wr_rst_asreg_d1_reg are from the same synchronizer and have the ASYNC_REG property set, but could not be placed into the same slice due to constraints or mismatched control signals on the registers.
WARNING: [Constraints 18-1079] Register slaves/slave6/trigger_top/tracklet_processing_phi0/aurora_test_top/LinkProjPhiMinus/rx_fifo/inst/gen_fifo_generator.fifo_generator_inst/inst_fifo_gen/gaxis_fifo.gaxisf.axisf/grf.rf/rstblk/ngwrdrst.grst.g7serrst.rd_rst_asreg_reg and slaves/slave6/trigger_top/tracklet_processing_phi0/aurora_test_top/LinkProjPhiMinus/rx_fifo/inst/gen_fifo_generator.fifo_generator_inst/inst_fifo_gen/gaxis_fifo.gaxisf.axisf/grf.rf/rstblk/ngwrdrst.grst.g7serrst.rd_rst_asreg_d1_reg are from the same synchronizer and have the ASYNC_REG property set, but could not be placed into the same slice due to constraints or mismatched control signals on the registers.
WARNING: [Constraints 18-1079] Register slaves/slave6/trigger_top/tracklet_processing_phi0/aurora_test_top/LinkProjPhiMinus/rx_fifo/inst/gen_fifo_generator.fifo_generator_inst/inst_fifo_gen/gaxis_fifo.gaxisf.axisf/grf.rf/rstblk/ngwrdrst.grst.g7serrst.wr_rst_asreg_reg and slaves/slave6/trigger_top/tracklet_processing_phi0/aurora_test_top/LinkProjPhiMinus/rx_fifo/inst/gen_fifo_generator.fifo_generator_inst/inst_fifo_gen/gaxis_fifo.gaxisf.axisf/grf.rf/rstblk/ngwrdrst.grst.g7serrst.wr_rst_asreg_d1_reg are from the same synchronizer and have the ASYNC_REG property set, but could not be placed into the same slice due to constraints or mismatched control signals on the registers.
WARNING: [Constraints 18-1079] Register slaves/slave6/trigger_top/tracklet_processing_phi0/aurora_test_top/LinkProjPhiMinus/tx_fifo/inst/gen_fifo_generator.fifo_generator_inst/inst_fifo_gen/gaxis_fifo.gaxisf.axisf/grf.rf/rstblk/ngwrdrst.grst.g7serrst.rd_rst_asreg_reg and slaves/slave6/trigger_top/tracklet_processing_phi0/aurora_test_top/LinkProjPhiMinus/tx_fifo/inst/gen_fifo_generator.fifo_generator_inst/inst_fifo_gen/gaxis_fifo.gaxisf.axisf/grf.rf/rstblk/ngwrdrst.grst.g7serrst.rd_rst_asreg_d1_reg are from the same synchronizer and have the ASYNC_REG property set, but could not be placed into the same slice due to constraints or mismatched control signals on the registers.
WARNING: [Constraints 18-1079] Register slaves/slave6/trigger_top/tracklet_processing_phi0/aurora_test_top/LinkProjPhiMinus/tx_fifo/inst/gen_fifo_generator.fifo_generator_inst/inst_fifo_gen/gaxis_fifo.gaxisf.axisf/grf.rf/rstblk/ngwrdrst.grst.g7serrst.wr_rst_asreg_reg and slaves/slave6/trigger_top/tracklet_processing_phi0/aurora_test_top/LinkProjPhiMinus/tx_fifo/inst/gen_fifo_generator.fifo_generator_inst/inst_fifo_gen/gaxis_fifo.gaxisf.axisf/grf.rf/rstblk/ngwrdrst.grst.g7serrst.wr_rst_asreg_d1_reg are from the same synchronizer and have the ASYNC_REG property set, but could not be placed into the same slice due to constraints or mismatched control signals on the registers.
WARNING: [Constraints 18-1079] Register slaves/slave6/trigger_top/tracklet_processing_phi0/aurora_test_top/LinkProjPhiPlus/rx_fifo/inst/gen_fifo_generator.fifo_generator_inst/inst_fifo_gen/gaxis_fifo.gaxisf.axisf/grf.rf/rstblk/ngwrdrst.grst.g7serrst.rd_rst_asreg_reg and slaves/slave6/trigger_top/tracklet_processing_phi0/aurora_test_top/LinkProjPhiPlus/rx_fifo/inst/gen_fifo_generator.fifo_generator_inst/inst_fifo_gen/gaxis_fifo.gaxisf.axisf/grf.rf/rstblk/ngwrdrst.grst.g7serrst.rd_rst_asreg_d1_reg are from the same synchronizer and have the ASYNC_REG property set, but could not be placed into the same slice due to constraints or mismatched control signals on the registers.
WARNING: [Constraints 18-1079] Register slaves/slave6/trigger_top/tracklet_processing_phi0/aurora_test_top/LinkProjPhiPlus/rx_fifo/inst/gen_fifo_generator.fifo_generator_inst/inst_fifo_gen/gaxis_fifo.gaxisf.axisf/grf.rf/rstblk/ngwrdrst.grst.g7serrst.wr_rst_asreg_reg and slaves/slave6/trigger_top/tracklet_processing_phi0/aurora_test_top/LinkProjPhiPlus/rx_fifo/inst/gen_fifo_generator.fifo_generator_inst/inst_fifo_gen/gaxis_fifo.gaxisf.axisf/grf.rf/rstblk/ngwrdrst.grst.g7serrst.wr_rst_asreg_d1_reg are from the same synchronizer and have the ASYNC_REG property set, but could not be placed into the same slice due to constraints or mismatched control signals on the registers.
WARNING: [Constraints 18-1079] Register slaves/slave6/trigger_top/tracklet_processing_phi0/aurora_test_top/LinkProjPhiPlus/tx_fifo/inst/gen_fifo_generator.fifo_generator_inst/inst_fifo_gen/gaxis_fifo.gaxisf.axisf/grf.rf/rstblk/ngwrdrst.grst.g7serrst.rd_rst_asreg_reg and slaves/slave6/trigger_top/tracklet_processing_phi0/aurora_test_top/LinkProjPhiPlus/tx_fifo/inst/gen_fifo_generator.fifo_generator_inst/inst_fifo_gen/gaxis_fifo.gaxisf.axisf/grf.rf/rstblk/ngwrdrst.grst.g7serrst.rd_rst_asreg_d1_reg are from the same synchronizer and have the ASYNC_REG property set, but could not be placed into the same slice due to constraints or mismatched control signals on the registers.
WARNING: [Constraints 18-1079] Register slaves/slave6/trigger_top/tracklet_processing_phi0/aurora_test_top/LinkProjPhiPlus/tx_fifo/inst/gen_fifo_generator.fifo_generator_inst/inst_fifo_gen/gaxis_fifo.gaxisf.axisf/grf.rf/rstblk/ngwrdrst.grst.g7serrst.wr_rst_asreg_reg and slaves/slave6/trigger_top/tracklet_processing_phi0/aurora_test_top/LinkProjPhiPlus/tx_fifo/inst/gen_fifo_generator.fifo_generator_inst/inst_fifo_gen/gaxis_fifo.gaxisf.axisf/grf.rf/rstblk/ngwrdrst.grst.g7serrst.wr_rst_asreg_d1_reg are from the same synchronizer and have the ASYNC_REG property set, but could not be placed into the same slice due to constraints or mismatched control signals on the registers.
Parsing XDC File [c:/Users/ZhengchengTao/Documents/VC709_IPbus_trigger/project_2/project_2.srcs/sources_1/ip/trigger_clock_synth/trigger_clock_synth_board.xdc] for cell 'slaves/slave6/trigger_top/trigger_clock_synth/inst'
Finished Parsing XDC File [c:/Users/ZhengchengTao/Documents/VC709_IPbus_trigger/project_2/project_2.srcs/sources_1/ip/trigger_clock_synth/trigger_clock_synth_board.xdc] for cell 'slaves/slave6/trigger_top/trigger_clock_synth/inst'
Parsing XDC File [c:/Users/ZhengchengTao/Documents/VC709_IPbus_trigger/project_2/project_2.srcs/sources_1/ip/trigger_clock_synth/trigger_clock_synth.xdc] for cell 'slaves/slave6/trigger_top/trigger_clock_synth/inst'
Finished Parsing XDC File [c:/Users/ZhengchengTao/Documents/VC709_IPbus_trigger/project_2/project_2.srcs/sources_1/ip/trigger_clock_synth/trigger_clock_synth.xdc] for cell 'slaves/slave6/trigger_top/trigger_clock_synth/inst'
Parsing XDC File [c:/Users/ZhengchengTao/Documents/VC709_IPbus_trigger/project_2/project_2.srcs/sources_1/ip/gig_ethernet_pcs_pma_0/gig_ethernet_pcs_pma_0_board.xdc] for cell 'eth/phy'
Finished Parsing XDC File [c:/Users/ZhengchengTao/Documents/VC709_IPbus_trigger/project_2/project_2.srcs/sources_1/ip/gig_ethernet_pcs_pma_0/gig_ethernet_pcs_pma_0_board.xdc] for cell 'eth/phy'
Parsing XDC File [c:/Users/ZhengchengTao/Documents/VC709_IPbus_trigger/project_2/project_2.srcs/sources_1/ip/gig_ethernet_pcs_pma_0/synth/gig_ethernet_pcs_pma_0.xdc] for cell 'eth/phy'
Finished Parsing XDC File [c:/Users/ZhengchengTao/Documents/VC709_IPbus_trigger/project_2/project_2.srcs/sources_1/ip/gig_ethernet_pcs_pma_0/synth/gig_ethernet_pcs_pma_0.xdc] for cell 'eth/phy'
Parsing XDC File [c:/Users/ZhengchengTao/Documents/VC709_IPbus_trigger/project_2/project_2.srcs/sources_1/ip/link_axis_data_fifo/link_axis_data_fifo/link_axis_data_fifo.xdc] for cell 'slaves/slave6/trigger_top/tracklet_processing_phi0/aurora_test_top/LinkProjPhiPlus/rx_fifo/inst'
Finished Parsing XDC File [c:/Users/ZhengchengTao/Documents/VC709_IPbus_trigger/project_2/project_2.srcs/sources_1/ip/link_axis_data_fifo/link_axis_data_fifo/link_axis_data_fifo.xdc] for cell 'slaves/slave6/trigger_top/tracklet_processing_phi0/aurora_test_top/LinkProjPhiPlus/rx_fifo/inst'
Parsing XDC File [c:/Users/ZhengchengTao/Documents/VC709_IPbus_trigger/project_2/project_2.srcs/sources_1/ip/link_axis_data_fifo/link_axis_data_fifo/link_axis_data_fifo.xdc] for cell 'slaves/slave6/trigger_top/tracklet_processing_phi0/aurora_test_top/LinkProjPhiPlus/tx_fifo/inst'
Finished Parsing XDC File [c:/Users/ZhengchengTao/Documents/VC709_IPbus_trigger/project_2/project_2.srcs/sources_1/ip/link_axis_data_fifo/link_axis_data_fifo/link_axis_data_fifo.xdc] for cell 'slaves/slave6/trigger_top/tracklet_processing_phi0/aurora_test_top/LinkProjPhiPlus/tx_fifo/inst'
Parsing XDC File [c:/Users/ZhengchengTao/Documents/VC709_IPbus_trigger/project_2/project_2.srcs/sources_1/ip/link_axis_data_fifo/link_axis_data_fifo/link_axis_data_fifo.xdc] for cell 'slaves/slave6/trigger_top/tracklet_processing_phi0/aurora_test_top/LinkProjPhiMinus/rx_fifo/inst'
Finished Parsing XDC File [c:/Users/ZhengchengTao/Documents/VC709_IPbus_trigger/project_2/project_2.srcs/sources_1/ip/link_axis_data_fifo/link_axis_data_fifo/link_axis_data_fifo.xdc] for cell 'slaves/slave6/trigger_top/tracklet_processing_phi0/aurora_test_top/LinkProjPhiMinus/rx_fifo/inst'
Parsing XDC File [c:/Users/ZhengchengTao/Documents/VC709_IPbus_trigger/project_2/project_2.srcs/sources_1/ip/link_axis_data_fifo/link_axis_data_fifo/link_axis_data_fifo.xdc] for cell 'slaves/slave6/trigger_top/tracklet_processing_phi0/aurora_test_top/LinkProjPhiMinus/tx_fifo/inst'
Finished Parsing XDC File [c:/Users/ZhengchengTao/Documents/VC709_IPbus_trigger/project_2/project_2.srcs/sources_1/ip/link_axis_data_fifo/link_axis_data_fifo/link_axis_data_fifo.xdc] for cell 'slaves/slave6/trigger_top/tracklet_processing_phi0/aurora_test_top/LinkProjPhiMinus/tx_fifo/inst'
Parsing XDC File [c:/Users/ZhengchengTao/Documents/VC709_IPbus_trigger/project_2/project_2.srcs/sources_1/ip/TP_raw_stub_fifo/TP_raw_stub_fifo/TP_raw_stub_fifo.xdc] for cell 'slaves/slave6/trigger_top/tracklet_processing_phi0/R1Link1/raw_stubs/U0'
Finished Parsing XDC File [c:/Users/ZhengchengTao/Documents/VC709_IPbus_trigger/project_2/project_2.srcs/sources_1/ip/TP_raw_stub_fifo/TP_raw_stub_fifo/TP_raw_stub_fifo.xdc] for cell 'slaves/slave6/trigger_top/tracklet_processing_phi0/R1Link1/raw_stubs/U0'
Parsing XDC File [C:/Users/ZhengchengTao/Documents/VC709_IPbus_trigger/project_2/project_2.srcs/constrs_1/imports/new/pins.xdc]
Finished Parsing XDC File [C:/Users/ZhengchengTao/Documents/VC709_IPbus_trigger/project_2/project_2.srcs/constrs_1/imports/new/pins.xdc]
Parsing XDC File [C:/Users/ZhengchengTao/Documents/VC709_IPbus_trigger/project_2/project_2.srcs/constrs_1/imports/new/timing.xdc]
INFO: [Timing 38-35] Done setting XDC timing constraints. [C:/Users/ZhengchengTao/Documents/VC709_IPbus_trigger/project_2/project_2.srcs/constrs_1/imports/new/timing.xdc:26]
INFO: [Timing 38-2] Deriving generated clocks [C:/Users/ZhengchengTao/Documents/VC709_IPbus_trigger/project_2/project_2.srcs/constrs_1/imports/new/timing.xdc:26]
get_clocks: Time (s): cpu = 00:00:21 ; elapsed = 00:00:21 . Memory (MB): peak = 1400.363 ; gain = 707.137
Finished Parsing XDC File [C:/Users/ZhengchengTao/Documents/VC709_IPbus_trigger/project_2/project_2.srcs/constrs_1/imports/new/timing.xdc]
INFO: [Project 1-538] Using original IP XDC constraints instead of the XDC constraints in dcp 'C:/Users/ZhengchengTao/Documents/VC709_IPbus_trigger/project_2/project_2.runs/trigger_clock_synth_synth_1/trigger_clock_synth.dcp'
INFO: [Project 1-538] Using original IP XDC constraints instead of the XDC constraints in dcp 'C:/Users/ZhengchengTao/Documents/VC709_IPbus_trigger/project_2/project_2.runs/aurora_8b10b_0_synth_1/aurora_8b10b_0.dcp'
INFO: [Project 1-538] Using original IP XDC constraints instead of the XDC constraints in dcp 'C:/Users/ZhengchengTao/Documents/VC709_IPbus_trigger/project_2/project_2.runs/aurora_8b10b_1_synth_1/aurora_8b10b_1.dcp'
INFO: [Project 1-538] Using original IP XDC constraints instead of the XDC constraints in dcp 'C:/Users/ZhengchengTao/Documents/VC709_IPbus_trigger/project_2/project_2.runs/gig_ethernet_pcs_pma_0_synth_1/gig_ethernet_pcs_pma_0.dcp'
INFO: [Project 1-538] Using original IP XDC constraints instead of the XDC constraints in dcp 'C:/Users/ZhengchengTao/Documents/VC709_IPbus_trigger/project_2/project_2.runs/link_axis_data_fifo_synth_1/link_axis_data_fifo.dcp'
INFO: [Project 1-538] Using original IP XDC constraints instead of the XDC constraints in dcp 'C:/Users/ZhengchengTao/Documents/VC709_IPbus_trigger/project_2/project_2.runs/link_axis_data_fifo_synth_1/link_axis_data_fifo.dcp'
INFO: [Project 1-538] Using original IP XDC constraints instead of the XDC constraints in dcp 'C:/Users/ZhengchengTao/Documents/VC709_IPbus_trigger/project_2/project_2.runs/link_axis_data_fifo_synth_1/link_axis_data_fifo.dcp'
INFO: [Project 1-538] Using original IP XDC constraints instead of the XDC constraints in dcp 'C:/Users/ZhengchengTao/Documents/VC709_IPbus_trigger/project_2/project_2.runs/link_axis_data_fifo_synth_1/link_axis_data_fifo.dcp'
INFO: [Project 1-538] Using original IP XDC constraints instead of the XDC constraints in dcp 'C:/Users/ZhengchengTao/Documents/VC709_IPbus_trigger/project_2/project_2.runs/TP_raw_stub_fifo_synth_1/TP_raw_stub_fifo.dcp'
Parsing XDC File [c:/Users/ZhengchengTao/Documents/VC709_IPbus_trigger/project_2/project_2.srcs/sources_1/ip/aurora_8b10b_0/aurora_8b10b_0_clocks.xdc] for cell 'slaves/slave6/trigger_top/tracklet_processing_phi0/aurora_test_top/LinkProjPhiPlus/aurora_8b10b_0'
Finished Parsing XDC File [c:/Users/ZhengchengTao/Documents/VC709_IPbus_trigger/project_2/project_2.srcs/sources_1/ip/aurora_8b10b_0/aurora_8b10b_0_clocks.xdc] for cell 'slaves/slave6/trigger_top/tracklet_processing_phi0/aurora_test_top/LinkProjPhiPlus/aurora_8b10b_0'
Parsing XDC File [c:/Users/ZhengchengTao/Documents/VC709_IPbus_trigger/project_2/project_2.srcs/sources_1/ip/aurora_8b10b_1/aurora_8b10b_1_clocks.xdc] for cell 'slaves/slave6/trigger_top/tracklet_processing_phi0/aurora_test_top/LinkProjPhiMinus/aurora_8b10b_1'
Finished Parsing XDC File [c:/Users/ZhengchengTao/Documents/VC709_IPbus_trigger/project_2/project_2.srcs/sources_1/ip/aurora_8b10b_1/aurora_8b10b_1_clocks.xdc] for cell 'slaves/slave6/trigger_top/tracklet_processing_phi0/aurora_test_top/LinkProjPhiMinus/aurora_8b10b_1'
Parsing XDC File [c:/Users/ZhengchengTao/Documents/VC709_IPbus_trigger/project_2/project_2.srcs/sources_1/ip/link_axis_data_fifo/link_axis_data_fifo/link_axis_data_fifo_clocks.xdc] for cell 'slaves/slave6/trigger_top/tracklet_processing_phi0/aurora_test_top/LinkProjPhiPlus/rx_fifo/inst'
Finished Parsing XDC File [c:/Users/ZhengchengTao/Documents/VC709_IPbus_trigger/project_2/project_2.srcs/sources_1/ip/link_axis_data_fifo/link_axis_data_fifo/link_axis_data_fifo_clocks.xdc] for cell 'slaves/slave6/trigger_top/tracklet_processing_phi0/aurora_test_top/LinkProjPhiPlus/rx_fifo/inst'
Parsing XDC File [c:/Users/ZhengchengTao/Documents/VC709_IPbus_trigger/project_2/project_2.srcs/sources_1/ip/link_axis_data_fifo/link_axis_data_fifo/link_axis_data_fifo_clocks.xdc] for cell 'slaves/slave6/trigger_top/tracklet_processing_phi0/aurora_test_top/LinkProjPhiPlus/tx_fifo/inst'
Finished Parsing XDC File [c:/Users/ZhengchengTao/Documents/VC709_IPbus_trigger/project_2/project_2.srcs/sources_1/ip/link_axis_data_fifo/link_axis_data_fifo/link_axis_data_fifo_clocks.xdc] for cell 'slaves/slave6/trigger_top/tracklet_processing_phi0/aurora_test_top/LinkProjPhiPlus/tx_fifo/inst'
Parsing XDC File [c:/Users/ZhengchengTao/Documents/VC709_IPbus_trigger/project_2/project_2.srcs/sources_1/ip/link_axis_data_fifo/link_axis_data_fifo/link_axis_data_fifo_clocks.xdc] for cell 'slaves/slave6/trigger_top/tracklet_processing_phi0/aurora_test_top/LinkProjPhiMinus/rx_fifo/inst'
Finished Parsing XDC File [c:/Users/ZhengchengTao/Documents/VC709_IPbus_trigger/project_2/project_2.srcs/sources_1/ip/link_axis_data_fifo/link_axis_data_fifo/link_axis_data_fifo_clocks.xdc] for cell 'slaves/slave6/trigger_top/tracklet_processing_phi0/aurora_test_top/LinkProjPhiMinus/rx_fifo/inst'
Parsing XDC File [c:/Users/ZhengchengTao/Documents/VC709_IPbus_trigger/project_2/project_2.srcs/sources_1/ip/link_axis_data_fifo/link_axis_data_fifo/link_axis_data_fifo_clocks.xdc] for cell 'slaves/slave6/trigger_top/tracklet_processing_phi0/aurora_test_top/LinkProjPhiMinus/tx_fifo/inst'
Finished Parsing XDC File [c:/Users/ZhengchengTao/Documents/VC709_IPbus_trigger/project_2/project_2.srcs/sources_1/ip/link_axis_data_fifo/link_axis_data_fifo/link_axis_data_fifo_clocks.xdc] for cell 'slaves/slave6/trigger_top/tracklet_processing_phi0/aurora_test_top/LinkProjPhiMinus/tx_fifo/inst'
INFO: [Opt 31-138] Pushed 0 inverter(s) to 0 load pin(s).
INFO: [Project 1-111] Unisim Transformation Summary:
No Unisim elements were transformed.

link_design: Time (s): cpu = 00:00:42 ; elapsed = 00:00:42 . Memory (MB): peak = 1403.898 ; gain = 1208.324
Command: opt_design
Attempting to get a license for feature 'Implementation' and/or device 'xc7vx690t'
INFO: [Common 17-349] Got license for feature 'Implementation' and/or device 'xc7vx690t'
Running DRC as a precondition to command opt_design

Starting DRC Task
INFO: [Drc 23-27] Running DRC with 2 threads
INFO: [Project 1-461] DRC finished with 0 Errors
INFO: [Project 1-462] Please refer to the DRC report (report_drc) for more information.

Time (s): cpu = 00:00:00 ; elapsed = 00:00:00.271 . Memory (MB): peak = 1403.898 ; gain = 0.000

Starting Logic Optimization Task

Phase 1 Retarget

INFO: [Opt 31-138] Pushed 3 inverter(s) to 8 load pin(s).
WARNING: [Constraints 18-1079] Register slaves/slave6/trigger_top/tracklet_processing_phi0/R1Link1/raw_stubs/U0/inst_fifo_gen/gconvfifo.rf/grf.rf/rstblk/ngwrdrst.grst.g7serrst.rd_rst_asreg_reg and slaves/slave6/trigger_top/tracklet_processing_phi0/R1Link1/raw_stubs/U0/inst_fifo_gen/gconvfifo.rf/grf.rf/rstblk/ngwrdrst.grst.g7serrst.rd_rst_asreg_d1_reg are from the same synchronizer and have the ASYNC_REG property set, but could not be placed into the same slice due to constraints or mismatched control signals on the registers.
WARNING: [Constraints 18-1079] Register slaves/slave6/trigger_top/tracklet_processing_phi0/R1Link1/raw_stubs/U0/inst_fifo_gen/gconvfifo.rf/grf.rf/rstblk/ngwrdrst.grst.g7serrst.wr_rst_asreg_reg and slaves/slave6/trigger_top/tracklet_processing_phi0/R1Link1/raw_stubs/U0/inst_fifo_gen/gconvfifo.rf/grf.rf/rstblk/ngwrdrst.grst.g7serrst.wr_rst_asreg_d1_reg are from the same synchronizer and have the ASYNC_REG property set, but could not be placed into the same slice due to constraints or mismatched control signals on the registers.
WARNING: [Opt 31-143] Automatic BUFG insertion was skipped because there are already at least 12 clock buffers (BUFG and BUFHCE) using global resources.
Resolution: Manually insert a BUFG to drive the high fanout net. However, make sure to first analyze clock buffer utilization to determine if the insertion is safe to perform.
INFO: [Opt 31-49] Retargeted 0 cell(s).
Phase 1 Retarget | Checksum: 1eb8c2957

Time (s): cpu = 00:00:02 ; elapsed = 00:00:01 . Memory (MB): peak = 1403.898 ; gain = 0.000

Phase 2 Constant Propagation
INFO: [Opt 31-138] Pushed 0 inverter(s) to 0 load pin(s).
INFO: [Opt 31-10] Eliminated 811 cells.
Phase 2 Constant Propagation | Checksum: 14f76f4b2

Time (s): cpu = 00:00:03 ; elapsed = 00:00:03 . Memory (MB): peak = 1403.898 ; gain = 0.000

Phase 3 Sweep
INFO: [Opt 31-12] Eliminated 6161 unconnected nets.
INFO: [Opt 31-140] Inserted 0 IBUFs to IO ports without IO buffers.
INFO: [Opt 31-141] Inserted 0 OBUFs to IO ports without IO buffers.
INFO: [Opt 31-11] Eliminated 2198 unconnected cells.
Phase 3 Sweep | Checksum: 180c05d2e

Time (s): cpu = 00:00:06 ; elapsed = 00:00:06 . Memory (MB): peak = 1403.898 ; gain = 0.000
Ending Logic Optimization Task | Checksum: 180c05d2e

Time (s): cpu = 00:00:00 ; elapsed = 00:00:06 . Memory (MB): peak = 1403.898 ; gain = 0.000
Implement Debug Cores | Checksum: 1db7fe5c0
Logic Optimization | Checksum: 1db7fe5c0

Starting Power Optimization Task
INFO: [Pwropt 34-132] Skipping clock gating for clocks with a period < 3.13 ns.
INFO: [Pwropt 34-9] Applying IDT optimizations ...
INFO: [Pwropt 34-10] Applying ODC optimizations ...


Starting PowerOpt Patch Enables Task
INFO: [Pwropt 34-162] WRITE_MODE attribute of 8 BRAM(s) out of a total of 51 has been updated to save power. Run report_power_opt to get a complete listing of the BRAMs updated.
INFO: [Pwropt 34-201] Structural ODC has moved 0 WE to EN ports
Number of BRAM Ports augmented: 8 newly gated: 38 Total Ports: 102
Number of Flops added for Enable Generation: 14

Ending PowerOpt Patch Enables Task | Checksum: 1997b9051

Time (s): cpu = 00:00:00 ; elapsed = 00:00:00.065 . Memory (MB): peak = 1541.621 ; gain = 0.000
Ending Power Optimization Task | Checksum: 1997b9051

Time (s): cpu = 00:00:00 ; elapsed = 00:00:09 . Memory (MB): peak = 1541.621 ; gain = 137.723
INFO: [Common 17-83] Releasing license: Implementation
46 Infos, 13 Warnings, 0 Critical Warnings and 0 Errors encountered.
opt_design completed successfully
opt_design: Time (s): cpu = 00:00:15 ; elapsed = 00:00:16 . Memory (MB): peak = 1541.621 ; gain = 137.723
Writing placer database...
Writing XDEF routing.
Writing XDEF routing logical nets.
Writing XDEF routing special nets.
Write XDEF Complete: Time (s): cpu = 00:00:00 ; elapsed = 00:00:00.134 . Memory (MB): peak = 1541.621 ; gain = 0.000
INFO: [Drc 23-27] Running DRC with 2 threads
INFO: [Coretcl 2-168] The results of DRC are in file C:/Users/ZhengchengTao/Documents/VC709_IPbus_trigger/project_2/project_2.runs/impl_1/top_drc_opted.rpt.
Command: place_design
Attempting to get a license for feature 'Implementation' and/or device 'xc7vx690t'
INFO: [Common 17-349] Got license for feature 'Implementation' and/or device 'xc7vx690t'
INFO: [Drc 23-27] Running DRC with 2 threads
INFO: [Vivado_Tcl 4-198] DRC finished with 0 Errors
INFO: [Vivado_Tcl 4-199] Please refer to the DRC report (report_drc) for more information.
Running DRC as a precondition to command place_design
INFO: [Drc 23-27] Running DRC with 2 threads
WARNING: [Drc 23-20] Rule violation (CKLD-2) Clock Net has direct IO Driver - Clock net clk200 is directly driven by an IO rather than a Clock Buffer. Driver(s): IBUFGDS_clk200/O2000
INFO: [Vivado_Tcl 4-198] DRC finished with 0 Errors, 1 Warnings
INFO: [Vivado_Tcl 4-199] Please refer to the DRC report (report_drc) for more information.

Starting Placer Task
INFO: [Place 30-611] Multithreading enabled for place_design using a maximum of 2 CPUs

Phase 1 Placer Runtime Estimator
Phase 1 Placer Runtime Estimator | Checksum: cce27595

Time (s): cpu = 00:00:00 ; elapsed = 00:00:00.280 . Memory (MB): peak = 1541.621 ; gain = 0.000

Phase 2 Placer Initialization

Phase 2.1 Placer Initialization Core
Netlist sorting complete. Time (s): cpu = 00:00:00 ; elapsed = 00:00:00.060 . Memory (MB): peak = 1541.621 ; gain = 0.000
INFO: [Opt 31-140] Inserted 0 IBUFs to IO ports without IO buffers.
INFO: [Opt 31-141] Inserted 0 OBUFs to IO ports without IO buffers.
INFO: [Opt 31-138] Pushed 0 inverter(s) to 0 load pin(s).
Netlist sorting complete. Time (s): cpu = 00:00:00 ; elapsed = 00:00:00.027 . Memory (MB): peak = 1541.621 ; gain = 0.000

Phase 2.1.1 IO Placement/ Clock Placement/ Build Placer Device

Phase 2.1.1.1 Pre-Place Cells
Phase 2.1.1.1 Pre-Place Cells | Checksum: a9fe2cd6

Time (s): cpu = 00:00:01 ; elapsed = 00:00:01 . Memory (MB): peak = 1541.621 ; gain = 0.000
WARNING: [Constraints 18-1079] Register slaves/slave6/trigger_top/tracklet_processing_phi0/aurora_test_top/LinkProjPhiMinus/rx_fifo/inst/gen_fifo_generator.fifo_generator_inst/inst_fifo_gen/gaxis_fifo.gaxisf.axisf/grf.rf/rstblk/ngwrdrst.grst.g7serrst.rd_rst_asreg_reg and slaves/slave6/trigger_top/tracklet_processing_phi0/aurora_test_top/LinkProjPhiMinus/rx_fifo/inst/gen_fifo_generator.fifo_generator_inst/inst_fifo_gen/gaxis_fifo.gaxisf.axisf/grf.rf/rstblk/ngwrdrst.grst.g7serrst.rd_rst_asreg_d1_reg are from the same synchronizer and have the ASYNC_REG property set, but could not be placed into the same slice due to constraints or mismatched control signals on the registers.
WARNING: [Constraints 18-1079] Register slaves/slave6/trigger_top/tracklet_processing_phi0/aurora_test_top/LinkProjPhiMinus/rx_fifo/inst/gen_fifo_generator.fifo_generator_inst/inst_fifo_gen/gaxis_fifo.gaxisf.axisf/grf.rf/rstblk/ngwrdrst.grst.g7serrst.wr_rst_asreg_reg and slaves/slave6/trigger_top/tracklet_processing_phi0/aurora_test_top/LinkProjPhiMinus/rx_fifo/inst/gen_fifo_generator.fifo_generator_inst/inst_fifo_gen/gaxis_fifo.gaxisf.axisf/grf.rf/rstblk/ngwrdrst.grst.g7serrst.wr_rst_asreg_d1_reg are from the same synchronizer and have the ASYNC_REG property set, but could not be placed into the same slice due to constraints or mismatched control signals on the registers.
WARNING: [Constraints 18-1079] Register slaves/slave6/trigger_top/tracklet_processing_phi0/aurora_test_top/LinkProjPhiMinus/tx_fifo/inst/gen_fifo_generator.fifo_generator_inst/inst_fifo_gen/gaxis_fifo.gaxisf.axisf/grf.rf/rstblk/ngwrdrst.grst.g7serrst.rd_rst_asreg_reg and slaves/slave6/trigger_top/tracklet_processing_phi0/aurora_test_top/LinkProjPhiMinus/tx_fifo/inst/gen_fifo_generator.fifo_generator_inst/inst_fifo_gen/gaxis_fifo.gaxisf.axisf/grf.rf/rstblk/ngwrdrst.grst.g7serrst.rd_rst_asreg_d1_reg are from the same synchronizer and have the ASYNC_REG property set, but could not be placed into the same slice due to constraints or mismatched control signals on the registers.
WARNING: [Constraints 18-1079] Register slaves/slave6/trigger_top/tracklet_processing_phi0/aurora_test_top/LinkProjPhiMinus/tx_fifo/inst/gen_fifo_generator.fifo_generator_inst/inst_fifo_gen/gaxis_fifo.gaxisf.axisf/grf.rf/rstblk/ngwrdrst.grst.g7serrst.wr_rst_asreg_reg and slaves/slave6/trigger_top/tracklet_processing_phi0/aurora_test_top/LinkProjPhiMinus/tx_fifo/inst/gen_fifo_generator.fifo_generator_inst/inst_fifo_gen/gaxis_fifo.gaxisf.axisf/grf.rf/rstblk/ngwrdrst.grst.g7serrst.wr_rst_asreg_d1_reg are from the same synchronizer and have the ASYNC_REG property set, but could not be placed into the same slice due to constraints or mismatched control signals on the registers.
WARNING: [Constraints 18-1079] Register slaves/slave6/trigger_top/tracklet_processing_phi0/aurora_test_top/LinkProjPhiPlus/rx_fifo/inst/gen_fifo_generator.fifo_generator_inst/inst_fifo_gen/gaxis_fifo.gaxisf.axisf/grf.rf/rstblk/ngwrdrst.grst.g7serrst.rd_rst_asreg_reg and slaves/slave6/trigger_top/tracklet_processing_phi0/aurora_test_top/LinkProjPhiPlus/rx_fifo/inst/gen_fifo_generator.fifo_generator_inst/inst_fifo_gen/gaxis_fifo.gaxisf.axisf/grf.rf/rstblk/ngwrdrst.grst.g7serrst.rd_rst_asreg_d1_reg are from the same synchronizer and have the ASYNC_REG property set, but could not be placed into the same slice due to constraints or mismatched control signals on the registers.
WARNING: [Constraints 18-1079] Register slaves/slave6/trigger_top/tracklet_processing_phi0/aurora_test_top/LinkProjPhiPlus/rx_fifo/inst/gen_fifo_generator.fifo_generator_inst/inst_fifo_gen/gaxis_fifo.gaxisf.axisf/grf.rf/rstblk/ngwrdrst.grst.g7serrst.wr_rst_asreg_reg and slaves/slave6/trigger_top/tracklet_processing_phi0/aurora_test_top/LinkProjPhiPlus/rx_fifo/inst/gen_fifo_generator.fifo_generator_inst/inst_fifo_gen/gaxis_fifo.gaxisf.axisf/grf.rf/rstblk/ngwrdrst.grst.g7serrst.wr_rst_asreg_d1_reg are from the same synchronizer and have the ASYNC_REG property set, but could not be placed into the same slice due to constraints or mismatched control signals on the registers.
WARNING: [Constraints 18-1079] Register slaves/slave6/trigger_top/tracklet_processing_phi0/aurora_test_top/LinkProjPhiPlus/tx_fifo/inst/gen_fifo_generator.fifo_generator_inst/inst_fifo_gen/gaxis_fifo.gaxisf.axisf/grf.rf/rstblk/ngwrdrst.grst.g7serrst.rd_rst_asreg_reg and slaves/slave6/trigger_top/tracklet_processing_phi0/aurora_test_top/LinkProjPhiPlus/tx_fifo/inst/gen_fifo_generator.fifo_generator_inst/inst_fifo_gen/gaxis_fifo.gaxisf.axisf/grf.rf/rstblk/ngwrdrst.grst.g7serrst.rd_rst_asreg_d1_reg are from the same synchronizer and have the ASYNC_REG property set, but could not be placed into the same slice due to constraints or mismatched control signals on the registers.
WARNING: [Constraints 18-1079] Register slaves/slave6/trigger_top/tracklet_processing_phi0/aurora_test_top/LinkProjPhiPlus/tx_fifo/inst/gen_fifo_generator.fifo_generator_inst/inst_fifo_gen/gaxis_fifo.gaxisf.axisf/grf.rf/rstblk/ngwrdrst.grst.g7serrst.wr_rst_asreg_reg and slaves/slave6/trigger_top/tracklet_processing_phi0/aurora_test_top/LinkProjPhiPlus/tx_fifo/inst/gen_fifo_generator.fifo_generator_inst/inst_fifo_gen/gaxis_fifo.gaxisf.axisf/grf.rf/rstblk/ngwrdrst.grst.g7serrst.wr_rst_asreg_d1_reg are from the same synchronizer and have the ASYNC_REG property set, but could not be placed into the same slice due to constraints or mismatched control signals on the registers.
INFO: [Timing 38-35] Done setting XDC timing constraints.

Phase 2.1.1.2 IO & Clk Clean Up
Phase 2.1.1.2 IO & Clk Clean Up | Checksum: a9fe2cd6

Time (s): cpu = 00:00:12 ; elapsed = 00:00:09 . Memory (MB): peak = 1561.395 ; gain = 19.773

Phase 2.1.1.3 Implementation Feasibility check On IDelay
Phase 2.1.1.3 Implementation Feasibility check On IDelay | Checksum: a9fe2cd6

Time (s): cpu = 00:00:12 ; elapsed = 00:00:09 . Memory (MB): peak = 1561.395 ; gain = 19.773

Phase 2.1.1.4 Commit IO Placement
Phase 2.1.1.4 Commit IO Placement | Checksum: dbc16c0d

Time (s): cpu = 00:00:12 ; elapsed = 00:00:09 . Memory (MB): peak = 1561.395 ; gain = 19.773
Phase 2.1.1 IO Placement/ Clock Placement/ Build Placer Device | Checksum: f9303c5a

Time (s): cpu = 00:00:12 ; elapsed = 00:00:09 . Memory (MB): peak = 1561.395 ; gain = 19.773

Phase 2.1.2 Build Placer Netlist Model

Phase 2.1.2.1 Place Init Design

Phase 2.1.2.1.1 Init Lut Pin Assignment
Phase 2.1.2.1.1 Init Lut Pin Assignment | Checksum: 1624a75f1

Time (s): cpu = 00:00:13 ; elapsed = 00:00:10 . Memory (MB): peak = 1572.430 ; gain = 30.809
Phase 2.1.2.1 Place Init Design | Checksum: 1c0bfd76c

Time (s): cpu = 00:00:31 ; elapsed = 00:00:20 . Memory (MB): peak = 1572.430 ; gain = 30.809
Phase 2.1.2 Build Placer Netlist Model | Checksum: 1c0bfd76c

Time (s): cpu = 00:00:31 ; elapsed = 00:00:20 . Memory (MB): peak = 1572.430 ; gain = 30.809

Phase 2.1.3 Constrain Clocks/Macros

Phase 2.1.3.1 Constrain Global/Regional Clocks
Phase 2.1.3.1 Constrain Global/Regional Clocks | Checksum: 1c0bfd76c

Time (s): cpu = 00:00:31 ; elapsed = 00:00:20 . Memory (MB): peak = 1572.430 ; gain = 30.809
Phase 2.1.3 Constrain Clocks/Macros | Checksum: 1c0bfd76c

Time (s): cpu = 00:00:31 ; elapsed = 00:00:20 . Memory (MB): peak = 1572.430 ; gain = 30.809
Phase 2.1 Placer Initialization Core | Checksum: 1c0bfd76c

Time (s): cpu = 00:00:31 ; elapsed = 00:00:20 . Memory (MB): peak = 1572.430 ; gain = 30.809
Phase 2 Placer Initialization | Checksum: 1c0bfd76c

Time (s): cpu = 00:00:31 ; elapsed = 00:00:20 . Memory (MB): peak = 1572.430 ; gain = 30.809

Phase 3 Global Placement
Phase 3 Global Placement | Checksum: 160a0c2a4

Time (s): cpu = 00:00:58 ; elapsed = 00:00:38 . Memory (MB): peak = 1600.180 ; gain = 58.559

Phase 4 Detail Placement

Phase 4.1 Commit Multi Column Macros
Phase 4.1 Commit Multi Column Macros | Checksum: 160a0c2a4

Time (s): cpu = 00:00:59 ; elapsed = 00:00:38 . Memory (MB): peak = 1600.180 ; gain = 58.559

Phase 4.2 Commit Most Macros & LUTRAMs
Phase 4.2 Commit Most Macros & LUTRAMs | Checksum: 17676cc48

Time (s): cpu = 00:01:05 ; elapsed = 00:00:42 . Memory (MB): peak = 1600.180 ; gain = 58.559

Phase 4.3 Area Swap Optimization
Phase 4.3 Area Swap Optimization | Checksum: 1487a698a

Time (s): cpu = 00:01:05 ; elapsed = 00:00:42 . Memory (MB): peak = 1600.180 ; gain = 58.559

Phase 4.4 updateClock Trees: DP
Phase 4.4 updateClock Trees: DP | Checksum: 1487a698a

Time (s): cpu = 00:01:05 ; elapsed = 00:00:42 . Memory (MB): peak = 1600.180 ; gain = 58.559

Phase 4.5 Timing Path Optimizer
Phase 4.5 Timing Path Optimizer | Checksum: 1dbc04ba9

Time (s): cpu = 00:01:07 ; elapsed = 00:00:43 . Memory (MB): peak = 1600.180 ; gain = 58.559

Phase 4.6 Small Shape Detail Placement

Phase 4.6.1 Commit Small Macros & Core Logic

Phase 4.6.1.1 setBudgets
Phase 4.6.1.1 setBudgets | Checksum: 7a632db3

Time (s): cpu = 00:01:07 ; elapsed = 00:00:44 . Memory (MB): peak = 1600.180 ; gain = 58.559

Phase 4.6.1.2 Commit Slice Clusters
Phase 4.6.1.2 Commit Slice Clusters | Checksum: 17454f8c3

Time (s): cpu = 00:01:12 ; elapsed = 00:00:48 . Memory (MB): peak = 1614.555 ; gain = 72.934
Phase 4.6.1 Commit Small Macros & Core Logic | Checksum: 17454f8c3

Time (s): cpu = 00:01:12 ; elapsed = 00:00:48 . Memory (MB): peak = 1614.555 ; gain = 72.934

Phase 4.6.2 Clock Restriction Legalization for Leaf Columns
Phase 4.6.2 Clock Restriction Legalization for Leaf Columns | Checksum: 17454f8c3

Time (s): cpu = 00:01:12 ; elapsed = 00:00:48 . Memory (MB): peak = 1616.262 ; gain = 74.641

Phase 4.6.3 Clock Restriction Legalization for Non-Clock Pins
Phase 4.6.3 Clock Restriction Legalization for Non-Clock Pins | Checksum: 17454f8c3

Time (s): cpu = 00:01:12 ; elapsed = 00:00:48 . Memory (MB): peak = 1616.262 ; gain = 74.641
Phase 4.6 Small Shape Detail Placement | Checksum: 17454f8c3

Time (s): cpu = 00:01:13 ; elapsed = 00:00:48 . Memory (MB): peak = 1616.262 ; gain = 74.641

Phase 4.7 Re-assign LUT pins
Phase 4.7 Re-assign LUT pins | Checksum: 17454f8c3

Time (s): cpu = 00:01:13 ; elapsed = 00:00:49 . Memory (MB): peak = 1616.262 ; gain = 74.641
Phase 4 Detail Placement | Checksum: 17454f8c3

Time (s): cpu = 00:01:13 ; elapsed = 00:00:49 . Memory (MB): peak = 1616.262 ; gain = 74.641

Phase 5 Post Placement Optimization and Clean-Up

Phase 5.1 PCOPT Shape updates
Phase 5.1 PCOPT Shape updates | Checksum: 1e1bb4752

Time (s): cpu = 00:01:13 ; elapsed = 00:00:49 . Memory (MB): peak = 1616.262 ; gain = 74.641

Phase 5.2 Post Commit Optimization

Phase 5.2.1 updateClock Trees: PCOPT
Phase 5.2.1 updateClock Trees: PCOPT | Checksum: 1e1bb4752

Time (s): cpu = 00:01:13 ; elapsed = 00:00:49 . Memory (MB): peak = 1616.262 ; gain = 74.641

Phase 5.2.2 Post Placement Optimization

Phase 5.2.2.1 Post Placement Timing Optimization

Phase 5.2.2.1.1 Restore Best Placement
Phase 5.2.2.1.1 Restore Best Placement | Checksum: 13ba0025e

Time (s): cpu = 00:07:33 ; elapsed = 00:07:09 . Memory (MB): peak = 1616.262 ; gain = 74.641

Phase 5.2.2.1.2 updateTiming after Restore Best Placement
Phase 5.2.2.1.2 updateTiming after Restore Best Placement | Checksum: 13ba0025e

Time (s): cpu = 00:07:33 ; elapsed = 00:07:09 . Memory (MB): peak = 1616.262 ; gain = 74.641
INFO: [Place 30-746] Post Placement Timing Summary WNS=-2.367. For the most accurate timing information please run report_timing.
Phase 5.2.2.1 Post Placement Timing Optimization | Checksum: 13ba0025e

Time (s): cpu = 00:07:33 ; elapsed = 00:07:09 . Memory (MB): peak = 1616.262 ; gain = 74.641
Phase 5.2.2 Post Placement Optimization | Checksum: 13ba0025e

Time (s): cpu = 00:07:33 ; elapsed = 00:07:09 . Memory (MB): peak = 1616.262 ; gain = 74.641
Phase 5.2 Post Commit Optimization | Checksum: 13ba0025e

Time (s): cpu = 00:07:33 ; elapsed = 00:07:09 . Memory (MB): peak = 1616.262 ; gain = 74.641

Phase 5.3 Sweep Clock Roots: Post-Placement
Phase 5.3 Sweep Clock Roots: Post-Placement | Checksum: 13ba0025e

Time (s): cpu = 00:07:33 ; elapsed = 00:07:09 . Memory (MB): peak = 1616.262 ; gain = 74.641

Phase 5.4 Post Placement Cleanup
Phase 5.4 Post Placement Cleanup | Checksum: 13ba0025e

Time (s): cpu = 00:07:33 ; elapsed = 00:07:09 . Memory (MB): peak = 1616.262 ; gain = 74.641

Phase 5.5 Placer Reporting

Phase 5.5.1 Restore STA
Phase 5.5.1 Restore STA | Checksum: 13ba0025e

Time (s): cpu = 00:07:33 ; elapsed = 00:07:09 . Memory (MB): peak = 1616.262 ; gain = 74.641
Phase 5.5 Placer Reporting | Checksum: 13ba0025e

Time (s): cpu = 00:07:33 ; elapsed = 00:07:09 . Memory (MB): peak = 1616.262 ; gain = 74.641

Phase 5.6 Final Placement Cleanup
Phase 5.6 Final Placement Cleanup | Checksum: 180351bc5

Time (s): cpu = 00:07:33 ; elapsed = 00:07:09 . Memory (MB): peak = 1616.262 ; gain = 74.641
Phase 5 Post Placement Optimization and Clean-Up | Checksum: 180351bc5

Time (s): cpu = 00:07:33 ; elapsed = 00:07:09 . Memory (MB): peak = 1616.262 ; gain = 74.641
Ending Placer Task | Checksum: 1740e828b

Time (s): cpu = 00:00:00 ; elapsed = 00:07:10 . Memory (MB): peak = 1616.262 ; gain = 74.641
INFO: [Common 17-83] Releasing license: Implementation
62 Infos, 22 Warnings, 0 Critical Warnings and 0 Errors encountered.
place_design completed successfully
place_design: Time (s): cpu = 00:07:38 ; elapsed = 00:07:13 . Memory (MB): peak = 1616.262 ; gain = 74.641
Writing placer database...
Writing XDEF routing.
Writing XDEF routing logical nets.
Writing XDEF routing special nets.
Write XDEF Complete: Time (s): cpu = 00:00:04 ; elapsed = 00:00:02 . Memory (MB): peak = 1616.262 ; gain = 0.000
report_io: Time (s): cpu = 00:00:00 ; elapsed = 00:00:00.247 . Memory (MB): peak = 1616.262 ; gain = 0.000
report_utilization: Time (s): cpu = 00:00:00 ; elapsed = 00:00:00.482 . Memory (MB): peak = 1616.262 ; gain = 0.000
report_control_sets: Time (s): cpu = 00:00:00 ; elapsed = 00:00:00.041 . Memory (MB): peak = 1616.262 ; gain = 0.000
Command: route_design
Attempting to get a license for feature 'Implementation' and/or device 'xc7vx690t'
INFO: [Common 17-349] Got license for feature 'Implementation' and/or device 'xc7vx690t'
Running DRC as a precondition to command route_design
INFO: [Drc 23-27] Running DRC with 2 threads
INFO: [Vivado_Tcl 4-198] DRC finished with 0 Errors
INFO: [Vivado_Tcl 4-199] Please refer to the DRC report (report_drc) for more information.


Starting Routing Task
INFO: [Route 35-254] Multithreading enabled for route_design using a maximum of 2 CPUs

Phase 1 Build RT Design
Phase 1 Build RT Design | Checksum: b014a326

Time (s): cpu = 00:04:26 ; elapsed = 00:03:57 . Memory (MB): peak = 1901.641 ; gain = 285.379

Phase 2 Router Initialization

Phase 2.1 Create Timer
Phase 2.1 Create Timer | Checksum: b014a326

Time (s): cpu = 00:04:26 ; elapsed = 00:03:58 . Memory (MB): peak = 1901.641 ; gain = 285.379

Phase 2.2 Pre Route Cleanup
Phase 2.2 Pre Route Cleanup | Checksum: b014a326

Time (s): cpu = 00:04:26 ; elapsed = 00:03:58 . Memory (MB): peak = 1915.547 ; gain = 299.285
 Number of Nodes with overlaps = 0

Phase 2.3 Update Timing
Phase 2.3 Update Timing | Checksum: d29b14ff

Time (s): cpu = 00:04:40 ; elapsed = 00:04:09 . Memory (MB): peak = 2042.641 ; gain = 426.379
INFO: [Route 35-57] Estimated Timing Summary | WNS=-2.41  | TNS=-1.21e+03| WHS=-2.81  | THS=-721   |

Phase 2 Router Initialization | Checksum: 18026637a

Time (s): cpu = 00:04:43 ; elapsed = 00:04:10 . Memory (MB): peak = 2042.641 ; gain = 426.379

Phase 3 Initial Routing
Phase 3 Initial Routing | Checksum: 100321fe9

Time (s): cpu = 00:04:50 ; elapsed = 00:04:14 . Memory (MB): peak = 2042.641 ; gain = 426.379

Phase 4 Rip-up And Reroute

Phase 4.1 Global Iteration 0
 Number of Nodes with overlaps = 1190
 Number of Nodes with overlaps = 89
 Number of Nodes with overlaps = 0

Phase 4.1.1 Update Timing
Phase 4.1.1 Update Timing | Checksum: 19da0f268

Time (s): cpu = 00:04:59 ; elapsed = 00:04:19 . Memory (MB): peak = 2042.641 ; gain = 426.379
INFO: [Route 35-57] Estimated Timing Summary | WNS=-2.41  | TNS=-1.37e+03| WHS=N/A    | THS=N/A    |


Phase 4.1.2 GlobIterForTiming

Phase 4.1.2.1 Update Timing
Phase 4.1.2.1 Update Timing | Checksum: 6bdd0e31

Time (s): cpu = 00:04:59 ; elapsed = 00:04:19 . Memory (MB): peak = 2042.641 ; gain = 426.379

Phase 4.1.2.2 Fast Budgeting
Phase 4.1.2.2 Fast Budgeting | Checksum: e1d50b42

Time (s): cpu = 00:05:00 ; elapsed = 00:04:20 . Memory (MB): peak = 2042.641 ; gain = 426.379
Phase 4.1.2 GlobIterForTiming | Checksum: 10aa698a4

Time (s): cpu = 00:05:00 ; elapsed = 00:04:20 . Memory (MB): peak = 2042.641 ; gain = 426.379
Phase 4.1 Global Iteration 0 | Checksum: 10aa698a4

Time (s): cpu = 00:05:00 ; elapsed = 00:04:20 . Memory (MB): peak = 2042.641 ; gain = 426.379

Phase 4.2 Global Iteration 1
 Number of Nodes with overlaps = 1
 Number of Nodes with overlaps = 0

Phase 4.2.1 Update Timing
Phase 4.2.1 Update Timing | Checksum: 16b3d58db

Time (s): cpu = 00:05:01 ; elapsed = 00:04:22 . Memory (MB): peak = 2042.641 ; gain = 426.379
INFO: [Route 35-57] Estimated Timing Summary | WNS=-2.41  | TNS=-1.36e+03| WHS=N/A    | THS=N/A    |

Phase 4.2 Global Iteration 1 | Checksum: 1cd46fd8c

Time (s): cpu = 00:05:02 ; elapsed = 00:04:22 . Memory (MB): peak = 2042.641 ; gain = 426.379
Phase 4 Rip-up And Reroute | Checksum: 1cd46fd8c

Time (s): cpu = 00:05:02 ; elapsed = 00:04:22 . Memory (MB): peak = 2042.641 ; gain = 426.379

Phase 5 Delay CleanUp

Phase 5.1 Update Timing
Phase 5.1 Update Timing | Checksum: 18a5b614d

Time (s): cpu = 00:05:03 ; elapsed = 00:04:23 . Memory (MB): peak = 2042.641 ; gain = 426.379
INFO: [Route 35-57] Estimated Timing Summary | WNS=-2.41  | TNS=-1.29e+03| WHS=N/A    | THS=N/A    |

 Number of Nodes with overlaps = 0
Phase 5 Delay CleanUp | Checksum: 1603160f7

Time (s): cpu = 00:05:04 ; elapsed = 00:04:23 . Memory (MB): peak = 2042.641 ; gain = 426.379

Phase 6 Clock Skew Optimization
Phase 6 Clock Skew Optimization | Checksum: 1603160f7

Time (s): cpu = 00:05:04 ; elapsed = 00:04:23 . Memory (MB): peak = 2042.641 ; gain = 426.379

Phase 7 Post Hold Fix

Phase 7.1 Update Timing
Phase 7.1 Update Timing | Checksum: dcea9d89

Time (s): cpu = 00:05:06 ; elapsed = 00:04:24 . Memory (MB): peak = 2042.641 ; gain = 426.379
INFO: [Route 35-57] Estimated Timing Summary | WNS=-2.41  | TNS=-1.28e+03| WHS=-0.131 | THS=-0.135 |

Phase 7 Post Hold Fix | Checksum: 20dc16d05

Time (s): cpu = 00:05:08 ; elapsed = 00:04:26 . Memory (MB): peak = 2042.641 ; gain = 426.379

Phase 8 Route finalize

Router Utilization Summary
  Global Vertical Routing Utilization    = 0.385978 %
  Global Horizontal Routing Utilization  = 0.426726 %
  Routable Net Status*
  *Does not include unroutable nets such as driverless and loadless.
  Run report_route_status for detailed report.
  Number of Failed Nets               = 0
  Number of Unrouted Nets             = 0
  Number of Partially Routed Nets     = 0
  Number of Node Overlaps             = 0

Congestion Report
North Dir 1x1 Area, Max Cong = 54.955%, No Congested Regions.
South Dir 1x1 Area, Max Cong = 54.0541%, No Congested Regions.
East Dir 1x1 Area, Max Cong = 55.8824%, No Congested Regions.
West Dir 1x1 Area, Max Cong = 47.0588%, No Congested Regions.
Phase 8 Route finalize | Checksum: 18d9b808a

Time (s): cpu = 00:05:09 ; elapsed = 00:04:26 . Memory (MB): peak = 2042.641 ; gain = 426.379

Phase 9 Verifying routed nets

 Verification completed successfully
Phase 9 Verifying routed nets | Checksum: 18d9b808a

Time (s): cpu = 00:05:09 ; elapsed = 00:04:26 . Memory (MB): peak = 2042.641 ; gain = 426.379

Phase 10 Depositing Routes
Phase 10 Depositing Routes | Checksum: 1fe08db3d

Time (s): cpu = 00:05:10 ; elapsed = 00:04:27 . Memory (MB): peak = 2042.641 ; gain = 426.379

Phase 11 Post Router Timing

Phase 11.1 Update Timing
Phase 11.1 Update Timing | Checksum: 1fe08db3d

Time (s): cpu = 00:05:12 ; elapsed = 00:04:28 . Memory (MB): peak = 2042.641 ; gain = 426.379
INFO: [Route 35-57] Estimated Timing Summary | WNS=-2.41  | TNS=-1.28e+03| WHS=0.056  | THS=0      |

WARNING: [Route 35-328] Router estimated timing not met.
Resolution: For a complete and accurate timing signoff, report_timing_summary must be run after route_design. Alternatively, route_design can be run with the -timing_summary option to enable a complete timing signoff at the end of route_design.
Phase 11 Post Router Timing | Checksum: 1fe08db3d

Time (s): cpu = 00:05:12 ; elapsed = 00:04:28 . Memory (MB): peak = 2042.641 ; gain = 426.379
INFO: [Route 35-16] Router Completed Successfully

Routing Is Done.

Time (s): cpu = 00:00:00 ; elapsed = 00:04:28 . Memory (MB): peak = 2042.641 ; gain = 426.379
INFO: [Common 17-83] Releasing license: Implementation
75 Infos, 23 Warnings, 0 Critical Warnings and 0 Errors encountered.
route_design completed successfully
route_design: Time (s): cpu = 00:05:16 ; elapsed = 00:04:31 . Memory (MB): peak = 2042.641 ; gain = 426.379
Writing placer database...
Writing XDEF routing.
Writing XDEF routing logical nets.
Writing XDEF routing special nets.
Write XDEF Complete: Time (s): cpu = 00:00:04 ; elapsed = 00:00:03 . Memory (MB): peak = 2042.641 ; gain = 0.000
INFO: [Drc 23-27] Running DRC with 2 threads
INFO: [Coretcl 2-168] The results of DRC are in file C:/Users/ZhengchengTao/Documents/VC709_IPbus_trigger/project_2/project_2.runs/impl_1/top_drc_routed.rpt.
INFO: [Timing 38-91] UpdateTimingParams: Speed grade: -2, Delay Type: min_max.
INFO: [Timing 38-191] Multithreading enabled for timing update using a maximum of 2 CPUs
CRITICAL WARNING: [Timing 38-282] The design failed to meet the timing requirements. Please see the timing summary report for details on the timing violations.
report_timing_summary: Time (s): cpu = 00:00:10 ; elapsed = 00:00:06 . Memory (MB): peak = 2043.520 ; gain = 0.000
Running Vector-less Activity Propagation...

Finished Running Vector-less Activity Propagation
WARNING: [Power 33-218] MMCM/PLL RST static_probability should be either 0 or 1, power analysis is using 0 by default.
Use 'set_switching_activity -static_probability 1 -signal_rate 0 [get_nets clocks/rsto_eth]'  to set the static_probability to '1'  if desired.
WARNING: [Power 33-218] MMCM/PLL RST static_probability should be either 0 or 1, power analysis is using 0 by default.
Use 'set_switching_activity -static_probability 1 -signal_rate 0 [get_nets clocks/rsto_ipb]'  to set the static_probability to '1'  if desired.
report_power: Time (s): cpu = 00:00:07 ; elapsed = 00:00:06 . Memory (MB): peak = 2043.520 ; gain = 0.000
INFO: [Common 17-206] Exiting Vivado at Thu Feb 19 22:03:17 2015...
