#-----------------------------------------------------------
# Vivado v2014.4 (64-bit)
# SW Build 1071353 on Tue Nov 18 18:24:04 MST 2014
# IP Build 1070531 on Tue Nov 18 01:10:18 MST 2014
# Start of session at: Tue Feb 24 15:23:01 2015
# Process ID: 1928
# Log file: C:/Users/ZhengchengTao/Documents/VC709_IPbus_trigger/project_3/vivado.log
# Journal file: C:/Users/ZhengchengTao/Documents/VC709_IPbus_trigger/project_3\vivado.jou
#-----------------------------------------------------------
start_gui
open_project C:/Users/ZhengchengTao/Documents/VC709_IPbus_trigger/project_3/project_2.xpr
Scanning sources...
Finished scanning sources
INFO: [IP_Flow 19-234] Refreshing IP repositories
INFO: [IP_Flow 19-1704] No user IP repositories specified
INFO: [IP_Flow 19-2313] Loaded Vivado IP repository 'D:/Xilinx/Vivado/2014.4/data/ip'.
open_project: Time (s): cpu = 00:00:27 ; elapsed = 00:00:11 . Memory (MB): peak = 769.281 ; gain = 193.234
update_compile_order -fileset sources_1
exit
INFO: [Common 17-206] Exiting Vivado at Tue Feb 24 15:31:41 2015...
