#-----------------------------------------------------------
# Vivado v2014.4 (64-bit)
# SW Build 1071353 on Tue Nov 18 18:24:04 MST 2014
# IP Build 1070531 on Tue Nov 18 01:10:18 MST 2014
# Start of session at: Thu Jan 29 09:43:15 2015
# Process ID: 1616
# Log file: C:/Users/ZhengchengTao/Documents/VC709_IPbus_trigger/project_2/vivado.log
# Journal file: C:/Users/ZhengchengTao/Documents/VC709_IPbus_trigger/project_2\vivado.jou
#-----------------------------------------------------------
start_gui
open_project C:/Users/ZhengchengTao/Documents/VC709_IPbus_trigger/project_2/project_2.xpr
Scanning sources...
Finished scanning sources
INFO: [IP_Flow 19-234] Refreshing IP repositories
INFO: [IP_Flow 19-1704] No user IP repositories specified
INFO: [IP_Flow 19-2313] Loaded Vivado IP repository 'D:/Xilinx/Vivado/2014.4/data/ip'.
open_project: Time (s): cpu = 00:00:26 ; elapsed = 00:00:09 . Memory (MB): peak = 806.984 ; gain = 236.652
update_compile_order -fileset sources_1
create_project project_3 C:/Users/ZhengchengTao/Documents/GLIB_Aurora/prj/Aurora_1/project_3
INFO: [IP_Flow 19-234] Refreshing IP repositories
INFO: [IP_Flow 19-1704] No user IP repositories specified
INFO: [IP_Flow 19-2313] Loaded Vivado IP repository 'D:/Xilinx/Vivado/2014.4/data/ip'.
import_xise C:/Users/ZhengchengTao/Documents/GLIB_Aurora/prj/Aurora_1/Aurora_1.xise
CRITICAL WARNING: [Project 1-21] Could not resolve ISE project part 'xc6vlx130t-1-ff1156'. Part replaced with default 'xc7vx485tffg1157-1'.

INFO: [Project 1-267] Adding IP 'TS_window_x_lut_memory' to the project...
WARNING: [IP_Flow 19-2162] IP 'TS_window_x_lut_memory' is locked:
* IP definition 'Block Memory Generator (7.3)' for IP 'TS_window_x_lut_memory' has a newer major version in the IP Catalog.
* Current project part 'xc7vx485tffg1157-1' and the part 'xc6vlx130tff1156-1' used to customize the IP 'TS_window_x_lut_memory' do not match.
Please select 'Report IP Status' from the 'Tools/Report' menu or run Tcl command 'report_ip_status' for more information.
INFO: [Project 1-53] IP 'TS_window_x_lut_memory' imported successfully

INFO: [Project 1-267] Adding IP 'TS_tracklet_cnt_fifo_core' to the project...
WARNING: [IP_Flow 19-2162] IP 'TS_tracklet_cnt_fifo_core' is locked:
* IP definition 'FIFO Generator (9.3)' for IP 'TS_tracklet_cnt_fifo_core' has a newer major version in the IP Catalog.
* Current project part 'xc7vx485tffg1157-1' and the part 'xc6vlx130tff1156-1' used to customize the IP 'TS_tracklet_cnt_fifo_core' do not match.
Please select 'Report IP Status' from the 'Tools/Report' menu or run Tcl command 'report_ip_status' for more information.
INFO: [Project 1-53] IP 'TS_tracklet_cnt_fifo_core' imported successfully

INFO: [Project 1-267] Adding IP 'TS_tracklet_fifo_core' to the project...
WARNING: [IP_Flow 19-2162] IP 'TS_tracklet_fifo_core' is locked:
* IP definition 'FIFO Generator (9.3)' for IP 'TS_tracklet_fifo_core' has a newer major version in the IP Catalog.
* Current project part 'xc7vx485tffg1157-1' and the part 'xc6vlx130tff1156-1' used to customize the IP 'TS_tracklet_fifo_core' do not match.
Please select 'Report IP Status' from the 'Tools/Report' menu or run Tcl command 'report_ip_status' for more information.
INFO: [Project 1-53] IP 'TS_tracklet_fifo_core' imported successfully

INFO: [Project 1-267] Adding IP 'TS_window_z_lut_memory' to the project...
WARNING: [IP_Flow 19-2162] IP 'TS_window_z_lut_memory' is locked:
* IP definition 'Block Memory Generator (7.3)' for IP 'TS_window_z_lut_memory' has a newer major version in the IP Catalog.
* Current project part 'xc7vx485tffg1157-1' and the part 'xc6vlx130tff1156-1' used to customize the IP 'TS_window_z_lut_memory' do not match.
Please select 'Report IP Status' from the 'Tools/Report' menu or run Tcl command 'report_ip_status' for more information.
INFO: [Project 1-53] IP 'TS_window_z_lut_memory' imported successfully

INFO: [Project 1-267] Adding IP 'ST_stub_cnt_fifo' to the project...
WARNING: [IP_Flow 19-2162] IP 'ST_stub_cnt_fifo' is locked:
* IP definition 'FIFO Generator (9.3)' for IP 'ST_stub_cnt_fifo' has a newer major version in the IP Catalog.
* Current project part 'xc7vx485tffg1157-1' and the part 'xc6vlx130tff1156-1' used to customize the IP 'ST_stub_cnt_fifo' do not match.
Please select 'Report IP Status' from the 'Tools/Report' menu or run Tcl command 'report_ip_status' for more information.
INFO: [Project 1-53] IP 'ST_stub_cnt_fifo' imported successfully

INFO: [Project 1-267] Adding IP 'ST_stub_memory' to the project...
WARNING: [IP_Flow 19-2162] IP 'ST_stub_memory' is locked:
* IP definition 'Block Memory Generator (7.3)' for IP 'ST_stub_memory' has a newer major version in the IP Catalog.
* Current project part 'xc7vx485tffg1157-1' and the part 'xc6vlx130tff1156-1' used to customize the IP 'ST_stub_memory' do not match.
Please select 'Report IP Status' from the 'Tools/Report' menu or run Tcl command 'report_ip_status' for more information.
INFO: [Project 1-53] IP 'ST_stub_memory' imported successfully

INFO: [Project 1-267] Adding IP 'aurora_data_fifo' to the project...
WARNING: [IP_Flow 19-2162] IP 'aurora_data_fifo' is locked:
* IP definition 'FIFO Generator (9.3)' for IP 'aurora_data_fifo' has a newer major version in the IP Catalog.
* Current project part 'xc7vx485tffg1157-1' and the part 'xc6vlx130tff1156-1' used to customize the IP 'aurora_data_fifo' do not match.
Please select 'Report IP Status' from the 'Tools/Report' menu or run Tcl command 'report_ip_status' for more information.
INFO: [Project 1-53] IP 'aurora_data_fifo' imported successfully

INFO: [Project 1-267] Adding IP 'aurora8b10b_2' to the project...
WARNING: [IP_Flow 19-2162] IP 'aurora8b10b_2' is locked:
* IP definition 'Aurora 8B10B (8.3)' for IP 'aurora8b10b_2' has a newer major version in the IP Catalog.
* Current project part 'xc7vx485tffg1157-1' and the part 'xc6vlx130tff1156-1' used to customize the IP 'aurora8b10b_2' do not match.
Please select 'Report IP Status' from the 'Tools/Report' menu or run Tcl command 'report_ip_status' for more information.
INFO: [Project 1-53] IP 'aurora8b10b_2' imported successfully

INFO: [Project 1-267] Adding IP 'aurora8b10b_1' to the project...
WARNING: [IP_Flow 19-2162] IP 'aurora8b10b_1' is locked:
* IP definition 'Aurora 8B10B (8.3)' for IP 'aurora8b10b_1' has a newer major version in the IP Catalog.
* Current project part 'xc7vx485tffg1157-1' and the part 'xc6vlx130tff1156-1' used to customize the IP 'aurora8b10b_1' do not match.
Please select 'Report IP Status' from the 'Tools/Report' menu or run Tcl command 'report_ip_status' for more information.
INFO: [Project 1-53] IP 'aurora8b10b_1' imported successfully

INFO: [Project 1-267] Adding IP 'slv_wr_fifo' to the project...
WARNING: [IP_Flow 19-2162] IP 'slv_wr_fifo' is locked:
* IP definition 'FIFO Generator (8.2)' for IP 'slv_wr_fifo' has a newer major version in the IP Catalog.
* Current project part 'xc7vx485tffg1157-1' and the part 'xc6vlx130tff1156-1' used to customize the IP 'slv_wr_fifo' do not match.
Please select 'Report IP Status' from the 'Tools/Report' menu or run Tcl command 'report_ip_status' for more information.
WARNING: [IP_Flow 19-3197] Could not import any simulation or synthesis outputs for IP 'slv_wr_fifo'
INFO: [Project 1-53] IP 'slv_wr_fifo' imported successfully

INFO: [Project 1-267] Adding IP 'slv_rd_fifo' to the project...
WARNING: [IP_Flow 19-2162] IP 'slv_rd_fifo' is locked:
* IP definition 'FIFO Generator (8.2)' for IP 'slv_rd_fifo' has a newer major version in the IP Catalog.
* Current project part 'xc7vx485tffg1157-1' and the part 'xc6vlx130tff1156-1' used to customize the IP 'slv_rd_fifo' do not match.
Please select 'Report IP Status' from the 'Tools/Report' menu or run Tcl command 'report_ip_status' for more information.
WARNING: [IP_Flow 19-3197] Could not import any simulation or synthesis outputs for IP 'slv_rd_fifo'
INFO: [Project 1-53] IP 'slv_rd_fifo' imported successfully

INFO: [Project 1-267] Adding IP 'ipbus_ctrl_dpram' to the project...
WARNING: [IP_Flow 19-2162] IP 'ipbus_ctrl_dpram' is locked:
* IP definition 'Distributed Memory Generator (6.2)' for IP 'ipbus_ctrl_dpram' has a newer major version in the IP Catalog.
* Current project part 'xc7vx485tffg1157-1' and the part 'xc6vlx130tff1156-1' used to customize the IP 'ipbus_ctrl_dpram' do not match.
Please select 'Report IP Status' from the 'Tools/Report' menu or run Tcl command 'report_ip_status' for more information.
WARNING: [IP_Flow 19-3197] Could not import any simulation or synthesis outputs for IP 'ipbus_ctrl_dpram'
INFO: [Project 1-53] IP 'ipbus_ctrl_dpram' imported successfully

INFO: [Project 1-267] Adding IP 'ezdma2_ctrl_dpram' to the project...
WARNING: [IP_Flow 19-2162] IP 'ezdma2_ctrl_dpram' is locked:
* IP definition 'Distributed Memory Generator (6.2)' for IP 'ezdma2_ctrl_dpram' has a newer major version in the IP Catalog.
* Current project part 'xc7vx485tffg1157-1' and the part 'xc6vlx130tff1156-1' used to customize the IP 'ezdma2_ctrl_dpram' do not match.
Please select 'Report IP Status' from the 'Tools/Report' menu or run Tcl command 'report_ip_status' for more information.
WARNING: [IP_Flow 19-3197] Could not import any simulation or synthesis outputs for IP 'ezdma2_ctrl_dpram'
INFO: [Project 1-53] IP 'ezdma2_ctrl_dpram' imported successfully

INFO: [Project 1-267] Adding IP 'dpbr_8_32' to the project...
WARNING: [IP_Flow 19-2162] IP 'dpbr_8_32' is locked:
* IP definition 'Block Memory Generator (3.3)' for IP 'dpbr_8_32' has a newer major version in the IP Catalog.
* Current project part 'xc7vx485tffg1157-1' and the part 'xc6vlx130tff1156-1' used to customize the IP 'dpbr_8_32' do not match.
Please select 'Report IP Status' from the 'Tools/Report' menu or run Tcl command 'report_ip_status' for more information.
WARNING: [IP_Flow 19-3197] Could not import any simulation or synthesis outputs for IP 'dpbr_8_32'
INFO: [Project 1-53] IP 'dpbr_8_32' imported successfully

INFO: [Project 1-267] Adding IP 'dpbr8' to the project...
WARNING: [IP_Flow 19-2162] IP 'dpbr8' is locked:
* IP definition 'Block Memory Generator (3.3)' for IP 'dpbr8' has a newer major version in the IP Catalog.
* Current project part 'xc7vx485tffg1157-1' and the part 'xc6vlx130tff1156-1' used to customize the IP 'dpbr8' do not match.
Please select 'Report IP Status' from the 'Tools/Report' menu or run Tcl command 'report_ip_status' for more information.
WARNING: [IP_Flow 19-3197] Could not import any simulation or synthesis outputs for IP 'dpbr8'
INFO: [Project 1-53] IP 'dpbr8' imported successfully

INFO: [Project 1-267] Adding IP 'ttclk_distributed_dpram' to the project...
WARNING: [IP_Flow 19-2162] IP 'ttclk_distributed_dpram' is locked:
* IP definition 'Distributed Memory Generator (6.2)' for IP 'ttclk_distributed_dpram' has a newer major version in the IP Catalog.
* Current project part 'xc7vx485tffg1157-1' and the part 'xc6vlx130tff1156-1' used to customize the IP 'ttclk_distributed_dpram' do not match.
Please select 'Report IP Status' from the 'Tools/Report' menu or run Tcl command 'report_ip_status' for more information.
WARNING: [IP_Flow 19-3197] Could not import any simulation or synthesis outputs for IP 'ttclk_distributed_dpram'
INFO: [Project 1-53] IP 'ttclk_distributed_dpram' imported successfully

INFO: [Project 1-267] Adding IP 'ttclk_mmcm' to the project...
WARNING: [IP_Flow 19-2162] IP 'ttclk_mmcm' is locked:
* IP definition 'Clocking Wizard (3.2)' for IP 'ttclk_mmcm' has a newer major version in the IP Catalog.
* Current project part 'xc7vx485tffg1157-1' and the part 'xc6vlx130tff1156-1' used to customize the IP 'ttclk_mmcm' do not match.
Please select 'Report IP Status' from the 'Tools/Report' menu or run Tcl command 'report_ip_status' for more information.
WARNING: [IP_Flow 19-3197] Could not import any simulation or synthesis outputs for IP 'ttclk_mmcm'
INFO: [Project 1-53] IP 'ttclk_mmcm' imported successfully

INFO: [Project 1-267] Adding IP 'mmcm_no_ibufg' to the project...
WARNING: [IP_Flow 19-2162] IP 'mmcm_no_ibufg' is locked:
* IP definition 'Clocking Wizard (3.2)' for IP 'mmcm_no_ibufg' has a newer major version in the IP Catalog.
* Current project part 'xc7vx485tffg1157-1' and the part 'xc6vlx130tff1156-1' used to customize the IP 'mmcm_no_ibufg' do not match.
Please select 'Report IP Status' from the 'Tools/Report' menu or run Tcl command 'report_ip_status' for more information.
WARNING: [IP_Flow 19-3197] Could not import any simulation or synthesis outputs for IP 'mmcm_no_ibufg'
INFO: [Project 1-53] IP 'mmcm_no_ibufg' imported successfully
CRITICAL WARNING: [Project 1-467] UCF constraints are not supported in Vivado (remote_sources/_/_/src/user/ucf/user_floorplanning.ucf). Please convert these constraints to XDC and add then add the converted XDC constraints file to the project.
CRITICAL WARNING: [Project 1-467] UCF constraints are not supported in Vivado (remote_sources/_/_/src/user/ucf/user_mgt_fmc1.ucf). Please convert these constraints to XDC and add then add the converted XDC constraints file to the project.
CRITICAL WARNING: [Project 1-467] UCF constraints are not supported in Vivado (remote_sources/_/_/src/user/ucf/user_mgt_refclk.ucf). Please convert these constraints to XDC and add then add the converted XDC constraints file to the project.
CRITICAL WARNING: [Project 1-467] UCF constraints are not supported in Vivado (remote_sources/_/_/src/user/ucf/user_fabric_clk.ucf). Please convert these constraints to XDC and add then add the converted XDC constraints file to the project.
CRITICAL WARNING: [Project 1-467] UCF constraints are not supported in Vivado (remote_sources/_/_/src/user/ucf/user_timingclosure.ucf). Please convert these constraints to XDC and add then add the converted XDC constraints file to the project.
CRITICAL WARNING: [Project 1-467] UCF constraints are not supported in Vivado (remote_sources/_/_/src/system/setup/system_clk.ucf). Please convert these constraints to XDC and add then add the converted XDC constraints file to the project.
CRITICAL WARNING: [Project 1-467] UCF constraints are not supported in Vivado (remote_sources/_/_/src/system/setup/system_bench.ucf). Please convert these constraints to XDC and add then add the converted XDC constraints file to the project.
CRITICAL WARNING: [Project 1-467] UCF constraints are not supported in Vivado (remote_sources/_/_/src/user/ucf/user_mgt_sfp.ucf). Please convert these constraints to XDC and add then add the converted XDC constraints file to the project.
INFO: [Project 1-195] The current run uses Vivado Strategies; hence no ISE run options will be mapped to this run during the import operation.
                           Please see the summary report file for details.

INFO: [Project 1-52] Generating summary report file 'C:/Users/ZhengchengTao/Documents/GLIB_Aurora/prj/Aurora_1/project_3/import_ise_summary.txt'...
INFO: [Project 1-88] Report file generated.

WARNING: [Project 1-91] Some exceptions were encountered while importing contents of the ISE project file. Please review the "EXCEPTIONS" section in the summary log file C:/Users/ZhengchengTao/Documents/GLIB_Aurora/prj/Aurora_1/project_3/import_ise_summary.txt at line 44 for details.

INFO: [Coretcl 2-54] ISE import finished.
import_xise: Time (s): cpu = 00:00:12 ; elapsed = 00:00:10 . Memory (MB): peak = 834.367 ; gain = 0.461
current_project project_2
current_project project_3
current_project project_2
undo
INFO: [Common 17-17] undo 'current_project project_2'
current_project project_2
undo
INFO: [Common 17-17] undo 'current_project project_2'
current_project project_2
undo
INFO: [Common 17-17] undo 'current_project project_2'
current_project project_2
undo
INFO: [Common 17-17] undo 'current_project project_2'
current_project project_2
undo
INFO: [Common 17-17] undo 'current_project project_2'
current_project project_2
undo
INFO: [Common 17-17] undo 'current_project project_2'
current_project project_2
undo
INFO: [Common 17-17] undo 'current_project project_2'
current_project project_2
undo
INFO: [Common 17-17] undo 'current_project project_2'
current_project project_2
undo
INFO: [Common 17-17] undo 'current_project project_2'
current_project project_2
undo
INFO: [Common 17-17] undo 'current_project project_2'
current_project project_2
undo
INFO: [Common 17-17] undo 'current_project project_2'
current_project project_2
undo
INFO: [Common 17-17] undo 'current_project project_2'
current_project project_2
update_compile_order -fileset sources_1
current_project project_3
launch_runs synth_1
[Thu Jan 29 15:15:41 2015] Launched synth_1...
Run output will be captured here: C:/Users/ZhengchengTao/Documents/GLIB_Aurora/prj/Aurora_1/project_3/project_3.runs/synth_1/runme.log
current_project project_2
update_compile_order -fileset sources_1
reset_run TP_raw_stub_fifo_synth_1
reset_run synth_1
launch_runs synth_1
INFO: [HDL 9-2216] Analyzing Verilog file "C:/Users/ZhengchengTao/Documents/VC709_IPbus_trigger/project_2/project_2.srcs/sources_1/imports/sources_1/new/AllProj.v" into library work [C:/Users/ZhengchengTao/Documents/VC709_IPbus_trigger/project_2/project_2.srcs/sources_1/imports/sources_1/new/AllProj.v:1]
INFO: [HDL 9-2216] Analyzing Verilog file "C:/Users/ZhengchengTao/Documents/VC709_IPbus_trigger/project_2/project_2.srcs/sources_1/imports/sources_1/new/AllStubs.v" into library work [C:/Users/ZhengchengTao/Documents/VC709_IPbus_trigger/project_2/project_2.srcs/sources_1/imports/sources_1/new/AllStubs.v:1]
INFO: [HDL 9-2216] Analyzing Verilog file "C:/Users/ZhengchengTao/Documents/VC709_IPbus_trigger/project_2/project_2.srcs/sources_1/imports/sources_1/new/FullMatches.v" into library work [C:/Users/ZhengchengTao/Documents/VC709_IPbus_trigger/project_2/project_2.srcs/sources_1/imports/sources_1/new/FullMatches.v:1]
INFO: [HDL 9-2216] Analyzing Verilog file "C:/Users/ZhengchengTao/Documents/VC709_IPbus_trigger/project_2/project_2.srcs/sources_1/imports/sources_1/imports/sim5/IPB_IO_interface.v" into library work [C:/Users/ZhengchengTao/Documents/VC709_IPbus_trigger/project_2/project_2.srcs/sources_1/imports/sources_1/imports/sim5/IPB_IO_interface.v:1]
INFO: [HDL 9-2216] Analyzing Verilog file "C:/Users/ZhengchengTao/Documents/VC709_IPbus_trigger/project_2/project_2.srcs/sources_1/imports/sources_1/new/InputLink.v" into library work [C:/Users/ZhengchengTao/Documents/VC709_IPbus_trigger/project_2/project_2.srcs/sources_1/imports/sources_1/new/InputLink.v:1]
INFO: [HDL 9-2216] Analyzing Verilog file "C:/Users/ZhengchengTao/Documents/VC709_IPbus_trigger/project_2/project_2.srcs/sources_1/imports/sources_1/new/LayerRouter.v" into library work [C:/Users/ZhengchengTao/Documents/VC709_IPbus_trigger/project_2/project_2.srcs/sources_1/imports/sources_1/new/LayerRouter.v:1]
INFO: [HDL 9-2216] Analyzing Verilog file "C:/Users/ZhengchengTao/Documents/VC709_IPbus_trigger/project_2/project_2.srcs/sources_1/imports/sources_1/new/Match.v" into library work [C:/Users/ZhengchengTao/Documents/VC709_IPbus_trigger/project_2/project_2.srcs/sources_1/imports/sources_1/new/Match.v:1]
INFO: [HDL 9-2216] Analyzing Verilog file "C:/Users/ZhengchengTao/Documents/VC709_IPbus_trigger/project_2/project_2.srcs/sources_1/imports/sources_1/new/MatchCombiner.v" into library work [C:/Users/ZhengchengTao/Documents/VC709_IPbus_trigger/project_2/project_2.srcs/sources_1/imports/sources_1/new/MatchCombiner.v:1]
INFO: [HDL 9-2216] Analyzing Verilog file "C:/Users/ZhengchengTao/Documents/VC709_IPbus_trigger/project_2/project_2.srcs/sources_1/imports/sources_1/new/MatchEngine.v" into library work [C:/Users/ZhengchengTao/Documents/VC709_IPbus_trigger/project_2/project_2.srcs/sources_1/imports/sources_1/new/MatchEngine.v:1]
INFO: [HDL 9-2216] Analyzing Verilog file "C:/Users/ZhengchengTao/Documents/VC709_IPbus_trigger/project_2/project_2.srcs/sources_1/imports/sources_1/new/Memory.v" into library work [C:/Users/ZhengchengTao/Documents/VC709_IPbus_trigger/project_2/project_2.srcs/sources_1/imports/sources_1/new/Memory.v:1]
INFO: [HDL 9-2216] Analyzing Verilog file "C:/Users/ZhengchengTao/Documents/VC709_IPbus_trigger/project_2/project_2.srcs/sources_1/imports/sources_1/new/ProjRouter.v" into library work [C:/Users/ZhengchengTao/Documents/VC709_IPbus_trigger/project_2/project_2.srcs/sources_1/imports/sources_1/new/ProjRouter.v:1]
INFO: [HDL 9-2216] Analyzing Verilog file "C:/Users/ZhengchengTao/Documents/VC709_IPbus_trigger/project_2/project_2.srcs/sources_1/imports/sources_1/new/StubPairs.v" into library work [C:/Users/ZhengchengTao/Documents/VC709_IPbus_trigger/project_2/project_2.srcs/sources_1/imports/sources_1/new/StubPairs.v:1]
INFO: [HDL 9-2216] Analyzing Verilog file "C:/Users/ZhengchengTao/Documents/VC709_IPbus_trigger/project_2/project_2.srcs/sources_1/imports/sources_1/new/StubsByLayer.v" into library work [C:/Users/ZhengchengTao/Documents/VC709_IPbus_trigger/project_2/project_2.srcs/sources_1/imports/sources_1/new/StubsByLayer.v:1]
INFO: [HDL 9-2216] Analyzing Verilog file "C:/Users/ZhengchengTao/Documents/VC709_IPbus_trigger/project_2/project_2.srcs/sources_1/imports/sources_1/new/TE.v" into library work [C:/Users/ZhengchengTao/Documents/VC709_IPbus_trigger/project_2/project_2.srcs/sources_1/imports/sources_1/new/TE.v:1]
INFO: [HDL 9-2216] Analyzing Verilog file "C:/Users/ZhengchengTao/Documents/VC709_IPbus_trigger/project_2/project_2.srcs/sources_1/imports/sources_1/new/TrackFit.v" into library work [C:/Users/ZhengchengTao/Documents/VC709_IPbus_trigger/project_2/project_2.srcs/sources_1/imports/sources_1/new/TrackFit.v:1]
INFO: [HDL 9-2216] Analyzing Verilog file "C:/Users/ZhengchengTao/Documents/VC709_IPbus_trigger/project_2/project_2.srcs/sources_1/imports/sources_1/new/TrackPars.v" into library work [C:/Users/ZhengchengTao/Documents/VC709_IPbus_trigger/project_2/project_2.srcs/sources_1/imports/sources_1/new/TrackPars.v:1]
INFO: [HDL 9-2216] Analyzing Verilog file "C:/Users/ZhengchengTao/Documents/VC709_IPbus_trigger/project_2/project_2.srcs/sources_1/imports/sources_1/new/TrackProj.v" into library work [C:/Users/ZhengchengTao/Documents/VC709_IPbus_trigger/project_2/project_2.srcs/sources_1/imports/sources_1/new/TrackProj.v:1]
INFO: [HDL 9-2216] Analyzing Verilog file "C:/Users/ZhengchengTao/Documents/VC709_IPbus_trigger/project_2/project_2.srcs/sources_1/imports/sources_1/new/TrackletCombiner.v" into library work [C:/Users/ZhengchengTao/Documents/VC709_IPbus_trigger/project_2/project_2.srcs/sources_1/imports/sources_1/new/TrackletCombiner.v:1]
INFO: [HDL 9-2216] Analyzing Verilog file "C:/Users/ZhengchengTao/Documents/VC709_IPbus_trigger/project_2/project_2.srcs/sources_1/imports/sources_1/new/TrackletProjections.v" into library work [C:/Users/ZhengchengTao/Documents/VC709_IPbus_trigger/project_2/project_2.srcs/sources_1/imports/sources_1/new/TrackletProjections.v:1]
INFO: [HDL 9-2216] Analyzing Verilog file "C:/Users/ZhengchengTao/Documents/VC709_IPbus_trigger/project_2/project_2.srcs/sources_1/imports/sources_1/new/Tracklet_processing.v" into library work [C:/Users/ZhengchengTao/Documents/VC709_IPbus_trigger/project_2/project_2.srcs/sources_1/imports/sources_1/new/Tracklet_processing.v:1]
INFO: [HDL 9-2216] Analyzing Verilog file "C:/Users/ZhengchengTao/Documents/VC709_IPbus_trigger/project_2/project_2.srcs/sources_1/imports/sources_1/new/TracksPars.v" into library work [C:/Users/ZhengchengTao/Documents/VC709_IPbus_trigger/project_2/project_2.srcs/sources_1/imports/sources_1/new/TracksPars.v:1]
INFO: [HDL 9-2216] Analyzing Verilog file "C:/Users/ZhengchengTao/Documents/VC709_IPbus_trigger/project_2/project_2.srcs/sources_1/imports/sources_1/new/VMProj.v" into library work [C:/Users/ZhengchengTao/Documents/VC709_IPbus_trigger/project_2/project_2.srcs/sources_1/imports/sources_1/new/VMProj.v:1]
INFO: [HDL 9-2216] Analyzing Verilog file "C:/Users/ZhengchengTao/Documents/VC709_IPbus_trigger/project_2/project_2.srcs/sources_1/imports/sources_1/new/VMRouters.v" into library work [C:/Users/ZhengchengTao/Documents/VC709_IPbus_trigger/project_2/project_2.srcs/sources_1/imports/sources_1/new/VMRouters.v:1]
INFO: [HDL 9-2216] Analyzing Verilog file "C:/Users/ZhengchengTao/Documents/VC709_IPbus_trigger/project_2/project_2.srcs/sources_1/imports/sources_1/new/VMStubs.v" into library work [C:/Users/ZhengchengTao/Documents/VC709_IPbus_trigger/project_2/project_2.srcs/sources_1/imports/sources_1/new/VMStubs.v:1]
INFO: [HDL 9-2216] Analyzing Verilog file "C:/Users/ZhengchengTao/Documents/VC709_IPbus_trigger/project_2/project_2.srcs/sources_1/imports/sources_1/new/verilog_trigger_top.v" into library work [C:/Users/ZhengchengTao/Documents/VC709_IPbus_trigger/project_2/project_2.srcs/sources_1/imports/sources_1/new/verilog_trigger_top.v:1]
INFO: [HDL 9-1061] Parsing VHDL file "C:/Users/ZhengchengTao/Documents/VC709_IPbus_trigger/project_2/project_2.srcs/sources_1/imports/sources_1/VC709_ipbus/ipbus/ethernet/hdl/EthernetCRC.vhd" into library xil_defaultlib [C:/Users/ZhengchengTao/Documents/VC709_IPbus_trigger/project_2/project_2.srcs/sources_1/imports/sources_1/VC709_ipbus/ipbus/ethernet/hdl/EthernetCRC.vhd:1]
INFO: [HDL 9-1061] Parsing VHDL file "C:/Users/ZhengchengTao/Documents/VC709_IPbus_trigger/project_2/project_2.srcs/sources_1/imports/sources_1/VC709_ipbus/ipbus/hdl/clock_div.vhd" into library xil_defaultlib [C:/Users/ZhengchengTao/Documents/VC709_IPbus_trigger/project_2/project_2.srcs/sources_1/imports/sources_1/VC709_ipbus/ipbus/hdl/clock_div.vhd:1]
INFO: [HDL 9-1061] Parsing VHDL file "C:/Users/ZhengchengTao/Documents/VC709_IPbus_trigger/project_2/project_2.srcs/sources_1/imports/sources_1/VC709_ipbus/ipbus/hdl/clocks_7s_serdes.vhd" into library xil_defaultlib [C:/Users/ZhengchengTao/Documents/VC709_IPbus_trigger/project_2/project_2.srcs/sources_1/imports/sources_1/VC709_ipbus/ipbus/hdl/clocks_7s_serdes.vhd:1]
INFO: [HDL 9-1061] Parsing VHDL file "C:/Users/ZhengchengTao/Documents/VC709_IPbus_trigger/project_2/project_2.srcs/sources_1/imports/sources_1/VC709_ipbus/ipbus/ethernet/hdl/emac_hostbus_decl.vhd" into library xil_defaultlib [C:/Users/ZhengchengTao/Documents/VC709_IPbus_trigger/project_2/project_2.srcs/sources_1/imports/sources_1/VC709_ipbus/ipbus/ethernet/hdl/emac_hostbus_decl.vhd:1]
INFO: [HDL 9-1061] Parsing VHDL file "C:/Users/ZhengchengTao/Documents/VC709_IPbus_trigger/project_2/project_2.srcs/sources_1/imports/sources_1/VC709_ipbus/ipbus/ethernet/hdl/eth_7s_1000basex_new.vhd" into library xil_defaultlib [C:/Users/ZhengchengTao/Documents/VC709_IPbus_trigger/project_2/project_2.srcs/sources_1/imports/sources_1/VC709_ipbus/ipbus/ethernet/hdl/eth_7s_1000basex_new.vhd:1]
INFO: [HDL 9-1061] Parsing VHDL file "C:/Users/ZhengchengTao/Documents/VC709_IPbus_trigger/project_2/project_2.srcs/sources_1/imports/sources_1/VC709_ipbus/ipbus/hdl/ipbus_addr_decode.vhd" into library xil_defaultlib [C:/Users/ZhengchengTao/Documents/VC709_IPbus_trigger/project_2/project_2.srcs/sources_1/imports/sources_1/VC709_ipbus/ipbus/hdl/ipbus_addr_decode.vhd:1]
INFO: [HDL 9-1061] Parsing VHDL file "C:/Users/ZhengchengTao/Documents/VC709_IPbus_trigger/project_2/project_2.srcs/sources_1/imports/sources_1/VC709_ipbus/ipbus/ipbus_core/hdl/ipbus_ctrl.vhd" into library xil_defaultlib [C:/Users/ZhengchengTao/Documents/VC709_IPbus_trigger/project_2/project_2.srcs/sources_1/imports/sources_1/VC709_ipbus/ipbus/ipbus_core/hdl/ipbus_ctrl.vhd:1]
INFO: [HDL 9-1061] Parsing VHDL file "C:/Users/ZhengchengTao/Documents/VC709_IPbus_trigger/project_2/project_2.srcs/sources_1/imports/sources_1/VC709_ipbus/ipbus/slaves/hdl/ipbus_ctrlreg.vhd" into library xil_defaultlib [C:/Users/ZhengchengTao/Documents/VC709_IPbus_trigger/project_2/project_2.srcs/sources_1/imports/sources_1/VC709_ipbus/ipbus/slaves/hdl/ipbus_ctrlreg.vhd:1]
INFO: [HDL 9-1061] Parsing VHDL file "C:/Users/ZhengchengTao/Documents/VC709_IPbus_trigger/project_2/project_2.srcs/sources_1/imports/sources_1/VC709_ipbus/ipbus/ipbus_core/hdl/ipbus_fabric.vhd" into library xil_defaultlib [C:/Users/ZhengchengTao/Documents/VC709_IPbus_trigger/project_2/project_2.srcs/sources_1/imports/sources_1/VC709_ipbus/ipbus/ipbus_core/hdl/ipbus_fabric.vhd:1]
INFO: [HDL 9-1061] Parsing VHDL file "C:/Users/ZhengchengTao/Documents/VC709_IPbus_trigger/project_2/project_2.srcs/sources_1/imports/sources_1/VC709_ipbus/ipbus/ipbus_core/hdl/ipbus_package.vhd" into library xil_defaultlib [C:/Users/ZhengchengTao/Documents/VC709_IPbus_trigger/project_2/project_2.srcs/sources_1/imports/sources_1/VC709_ipbus/ipbus/ipbus_core/hdl/ipbus_package.vhd:1]
INFO: [HDL 9-1061] Parsing VHDL file "C:/Users/ZhengchengTao/Documents/VC709_IPbus_trigger/project_2/project_2.srcs/sources_1/imports/sources_1/VC709_ipbus/ipbus/slaves/hdl/ipbus_peephole_ram.vhd" into library xil_defaultlib [C:/Users/ZhengchengTao/Documents/VC709_IPbus_trigger/project_2/project_2.srcs/sources_1/imports/sources_1/VC709_ipbus/ipbus/slaves/hdl/ipbus_peephole_ram.vhd:1]
INFO: [HDL 9-1061] Parsing VHDL file "C:/Users/ZhengchengTao/Documents/VC709_IPbus_trigger/project_2/project_2.srcs/sources_1/imports/sources_1/VC709_ipbus/ipbus/slaves/hdl/ipbus_pkt_ctr.vhd" into library xil_defaultlib [C:/Users/ZhengchengTao/Documents/VC709_IPbus_trigger/project_2/project_2.srcs/sources_1/imports/sources_1/VC709_ipbus/ipbus/slaves/hdl/ipbus_pkt_ctr.vhd:1]
INFO: [HDL 9-1061] Parsing VHDL file "C:/Users/ZhengchengTao/Documents/VC709_IPbus_trigger/project_2/project_2.srcs/sources_1/imports/sources_1/VC709_ipbus/ipbus/slaves/hdl/ipbus_ram.vhd" into library xil_defaultlib [C:/Users/ZhengchengTao/Documents/VC709_IPbus_trigger/project_2/project_2.srcs/sources_1/imports/sources_1/VC709_ipbus/ipbus/slaves/hdl/ipbus_ram.vhd:1]
INFO: [HDL 9-1061] Parsing VHDL file "C:/Users/ZhengchengTao/Documents/VC709_IPbus_trigger/project_2/project_2.srcs/sources_1/imports/sources_1/VC709_ipbus/ipbus/slaves/hdl/ipbus_reg.vhd" into library xil_defaultlib [C:/Users/ZhengchengTao/Documents/VC709_IPbus_trigger/project_2/project_2.srcs/sources_1/imports/sources_1/VC709_ipbus/ipbus/slaves/hdl/ipbus_reg.vhd:1]
INFO: [HDL 9-1061] Parsing VHDL file "C:/Users/ZhengchengTao/Documents/VC709_IPbus_trigger/project_2/project_2.srcs/sources_1/imports/sources_1/VC709_ipbus/ipbus/ipbus_core/hdl/ipbus_trans_decl.vhd" into library xil_defaultlib [C:/Users/ZhengchengTao/Documents/VC709_IPbus_trigger/project_2/project_2.srcs/sources_1/imports/sources_1/VC709_ipbus/ipbus/ipbus_core/hdl/ipbus_trans_decl.vhd:1]
INFO: [HDL 9-1061] Parsing VHDL file "C:/Users/ZhengchengTao/Documents/VC709_IPbus_trigger/project_2/project_2.srcs/sources_1/imports/sources_1/VC709_ipbus/ipbus/slaves/hdl/ipbus_trigger_top.vhd" into library xil_defaultlib [C:/Users/ZhengchengTao/Documents/VC709_IPbus_trigger/project_2/project_2.srcs/sources_1/imports/sources_1/VC709_ipbus/ipbus/slaves/hdl/ipbus_trigger_top.vhd:1]
INFO: [HDL 9-1061] Parsing VHDL file "C:/Users/ZhengchengTao/Documents/VC709_IPbus_trigger/project_2/project_2.srcs/sources_1/imports/sources_1/VC709_ipbus/ipbus/ethernet/hdl/mac_arbiter_decl.vhd" into library xil_defaultlib [C:/Users/ZhengchengTao/Documents/VC709_IPbus_trigger/project_2/project_2.srcs/sources_1/imports/sources_1/VC709_ipbus/ipbus/ethernet/hdl/mac_arbiter_decl.vhd:1]
INFO: [HDL 9-1061] Parsing VHDL file "C:/Users/ZhengchengTao/Documents/VC709_IPbus_trigger/project_2/project_2.srcs/sources_1/imports/sources_1/VC709_ipbus/ipbus/hdl/slaves.vhd" into library xil_defaultlib [C:/Users/ZhengchengTao/Documents/VC709_IPbus_trigger/project_2/project_2.srcs/sources_1/imports/sources_1/VC709_ipbus/ipbus/hdl/slaves.vhd:1]
INFO: [HDL 9-1061] Parsing VHDL file "C:/Users/ZhengchengTao/Documents/VC709_IPbus_trigger/project_2/project_2.srcs/sources_1/imports/sources_1/VC709_ipbus/ipbus/ethernet/hdl/soft_emac_AXI4.vhd" into library xil_defaultlib [C:/Users/ZhengchengTao/Documents/VC709_IPbus_trigger/project_2/project_2.srcs/sources_1/imports/sources_1/VC709_ipbus/ipbus/ethernet/hdl/soft_emac_AXI4.vhd:1]
INFO: [HDL 9-1061] Parsing VHDL file "C:/Users/ZhengchengTao/Documents/VC709_IPbus_trigger/project_2/project_2.srcs/sources_1/imports/sources_1/VC709_ipbus/ipbus/ipbus_core/hdl/stretcher.vhd" into library xil_defaultlib [C:/Users/ZhengchengTao/Documents/VC709_IPbus_trigger/project_2/project_2.srcs/sources_1/imports/sources_1/VC709_ipbus/ipbus/ipbus_core/hdl/stretcher.vhd:1]
INFO: [HDL 9-1061] Parsing VHDL file "C:/Users/ZhengchengTao/Documents/VC709_IPbus_trigger/project_2/project_2.srcs/sources_1/imports/sources_1/VC709_ipbus/top/top_vc709_basex.vhd" into library xil_defaultlib [C:/Users/ZhengchengTao/Documents/VC709_IPbus_trigger/project_2/project_2.srcs/sources_1/imports/sources_1/VC709_ipbus/top/top_vc709_basex.vhd:1]
INFO: [HDL 9-1061] Parsing VHDL file "C:/Users/ZhengchengTao/Documents/VC709_IPbus_trigger/project_2/project_2.srcs/sources_1/imports/sources_1/VC709_ipbus/ipbus/ipbus_core/hdl/trans_arb.vhd" into library xil_defaultlib [C:/Users/ZhengchengTao/Documents/VC709_IPbus_trigger/project_2/project_2.srcs/sources_1/imports/sources_1/VC709_ipbus/ipbus/ipbus_core/hdl/trans_arb.vhd:1]
INFO: [HDL 9-1061] Parsing VHDL file "C:/Users/ZhengchengTao/Documents/VC709_IPbus_trigger/project_2/project_2.srcs/sources_1/imports/sources_1/VC709_ipbus/ipbus/ipbus_core/hdl/transactor.vhd" into library xil_defaultlib [C:/Users/ZhengchengTao/Documents/VC709_IPbus_trigger/project_2/project_2.srcs/sources_1/imports/sources_1/VC709_ipbus/ipbus/ipbus_core/hdl/transactor.vhd:1]
INFO: [HDL 9-1061] Parsing VHDL file "C:/Users/ZhengchengTao/Documents/VC709_IPbus_trigger/project_2/project_2.srcs/sources_1/imports/sources_1/VC709_ipbus/ipbus/ipbus_core/hdl/transactor_cfg.vhd" into library xil_defaultlib [C:/Users/ZhengchengTao/Documents/VC709_IPbus_trigger/project_2/project_2.srcs/sources_1/imports/sources_1/VC709_ipbus/ipbus/ipbus_core/hdl/transactor_cfg.vhd:1]
INFO: [HDL 9-1061] Parsing VHDL file "C:/Users/ZhengchengTao/Documents/VC709_IPbus_trigger/project_2/project_2.srcs/sources_1/imports/sources_1/VC709_ipbus/ipbus/ipbus_core/hdl/transactor_if.vhd" into library xil_defaultlib [C:/Users/ZhengchengTao/Documents/VC709_IPbus_trigger/project_2/project_2.srcs/sources_1/imports/sources_1/VC709_ipbus/ipbus/ipbus_core/hdl/transactor_if.vhd:1]
INFO: [HDL 9-1061] Parsing VHDL file "C:/Users/ZhengchengTao/Documents/VC709_IPbus_trigger/project_2/project_2.srcs/sources_1/imports/sources_1/VC709_ipbus/ipbus/ipbus_core/hdl/transactor_sm.vhd" into library xil_defaultlib [C:/Users/ZhengchengTao/Documents/VC709_IPbus_trigger/project_2/project_2.srcs/sources_1/imports/sources_1/VC709_ipbus/ipbus/ipbus_core/hdl/transactor_sm.vhd:1]
INFO: [HDL 9-1061] Parsing VHDL file "C:/Users/ZhengchengTao/Documents/VC709_IPbus_trigger/project_2/project_2.srcs/sources_1/imports/sources_1/VC709_ipbus/ipbus/ipbus_core/hdl/udp_buffer_selector.vhd" into library xil_defaultlib [C:/Users/ZhengchengTao/Documents/VC709_IPbus_trigger/project_2/project_2.srcs/sources_1/imports/sources_1/VC709_ipbus/ipbus/ipbus_core/hdl/udp_buffer_selector.vhd:1]
INFO: [HDL 9-1061] Parsing VHDL file "C:/Users/ZhengchengTao/Documents/VC709_IPbus_trigger/project_2/project_2.srcs/sources_1/imports/sources_1/VC709_ipbus/ipbus/ipbus_core/hdl/udp_build_arp.vhd" into library xil_defaultlib [C:/Users/ZhengchengTao/Documents/VC709_IPbus_trigger/project_2/project_2.srcs/sources_1/imports/sources_1/VC709_ipbus/ipbus/ipbus_core/hdl/udp_build_arp.vhd:1]
INFO: [HDL 9-1061] Parsing VHDL file "C:/Users/ZhengchengTao/Documents/VC709_IPbus_trigger/project_2/project_2.srcs/sources_1/imports/sources_1/VC709_ipbus/ipbus/ipbus_core/hdl/udp_build_payload.vhd" into library xil_defaultlib [C:/Users/ZhengchengTao/Documents/VC709_IPbus_trigger/project_2/project_2.srcs/sources_1/imports/sources_1/VC709_ipbus/ipbus/ipbus_core/hdl/udp_build_payload.vhd:1]
INFO: [HDL 9-1061] Parsing VHDL file "C:/Users/ZhengchengTao/Documents/VC709_IPbus_trigger/project_2/project_2.srcs/sources_1/imports/sources_1/VC709_ipbus/ipbus/ipbus_core/hdl/udp_build_ping.vhd" into library xil_defaultlib [C:/Users/ZhengchengTao/Documents/VC709_IPbus_trigger/project_2/project_2.srcs/sources_1/imports/sources_1/VC709_ipbus/ipbus/ipbus_core/hdl/udp_build_ping.vhd:1]
INFO: [HDL 9-1061] Parsing VHDL file "C:/Users/ZhengchengTao/Documents/VC709_IPbus_trigger/project_2/project_2.srcs/sources_1/imports/sources_1/VC709_ipbus/ipbus/ipbus_core/hdl/udp_build_resend.vhd" into library xil_defaultlib [C:/Users/ZhengchengTao/Documents/VC709_IPbus_trigger/project_2/project_2.srcs/sources_1/imports/sources_1/VC709_ipbus/ipbus/ipbus_core/hdl/udp_build_resend.vhd:1]
INFO: [HDL 9-1061] Parsing VHDL file "C:/Users/ZhengchengTao/Documents/VC709_IPbus_trigger/project_2/project_2.srcs/sources_1/imports/sources_1/VC709_ipbus/ipbus/ipbus_core/hdl/udp_build_status.vhd" into library xil_defaultlib [C:/Users/ZhengchengTao/Documents/VC709_IPbus_trigger/project_2/project_2.srcs/sources_1/imports/sources_1/VC709_ipbus/ipbus/ipbus_core/hdl/udp_build_status.vhd:1]
INFO: [HDL 9-1061] Parsing VHDL file "C:/Users/ZhengchengTao/Documents/VC709_IPbus_trigger/project_2/project_2.srcs/sources_1/imports/sources_1/VC709_ipbus/ipbus/ipbus_core/hdl/udp_byte_sum.vhd" into library xil_defaultlib [C:/Users/ZhengchengTao/Documents/VC709_IPbus_trigger/project_2/project_2.srcs/sources_1/imports/sources_1/VC709_ipbus/ipbus/ipbus_core/hdl/udp_byte_sum.vhd:1]
INFO: [HDL 9-1061] Parsing VHDL file "C:/Users/ZhengchengTao/Documents/VC709_IPbus_trigger/project_2/project_2.srcs/sources_1/imports/sources_1/VC709_ipbus/ipbus/ipbus_core/hdl/udp_clock_crossing_if.vhd" into library xil_defaultlib [C:/Users/ZhengchengTao/Documents/VC709_IPbus_trigger/project_2/project_2.srcs/sources_1/imports/sources_1/VC709_ipbus/ipbus/ipbus_core/hdl/udp_clock_crossing_if.vhd:1]
INFO: [HDL 9-1061] Parsing VHDL file "C:/Users/ZhengchengTao/Documents/VC709_IPbus_trigger/project_2/project_2.srcs/sources_1/imports/sources_1/VC709_ipbus/ipbus/ipbus_core/hdl/udp_do_rx_reset.vhd" into library xil_defaultlib [C:/Users/ZhengchengTao/Documents/VC709_IPbus_trigger/project_2/project_2.srcs/sources_1/imports/sources_1/VC709_ipbus/ipbus/ipbus_core/hdl/udp_do_rx_reset.vhd:1]
INFO: [HDL 9-1061] Parsing VHDL file "C:/Users/ZhengchengTao/Documents/VC709_IPbus_trigger/project_2/project_2.srcs/sources_1/imports/sources_1/VC709_ipbus/ipbus/ipbus_core/hdl/udp_dualportram.vhd" into library xil_defaultlib [C:/Users/ZhengchengTao/Documents/VC709_IPbus_trigger/project_2/project_2.srcs/sources_1/imports/sources_1/VC709_ipbus/ipbus/ipbus_core/hdl/udp_dualportram.vhd:1]
INFO: [HDL 9-1061] Parsing VHDL file "C:/Users/ZhengchengTao/Documents/VC709_IPbus_trigger/project_2/project_2.srcs/sources_1/imports/sources_1/VC709_ipbus/ipbus/ipbus_core/hdl/udp_dualportram_rx.vhd" into library xil_defaultlib [C:/Users/ZhengchengTao/Documents/VC709_IPbus_trigger/project_2/project_2.srcs/sources_1/imports/sources_1/VC709_ipbus/ipbus/ipbus_core/hdl/udp_dualportram_rx.vhd:1]
INFO: [HDL 9-1061] Parsing VHDL file "C:/Users/ZhengchengTao/Documents/VC709_IPbus_trigger/project_2/project_2.srcs/sources_1/imports/sources_1/VC709_ipbus/ipbus/ipbus_core/hdl/udp_dualportram_tx.vhd" into library xil_defaultlib [C:/Users/ZhengchengTao/Documents/VC709_IPbus_trigger/project_2/project_2.srcs/sources_1/imports/sources_1/VC709_ipbus/ipbus/ipbus_core/hdl/udp_dualportram_tx.vhd:1]
INFO: [HDL 9-1061] Parsing VHDL file "C:/Users/ZhengchengTao/Documents/VC709_IPbus_trigger/project_2/project_2.srcs/sources_1/imports/sources_1/VC709_ipbus/ipbus/ipbus_core/hdl/udp_if_flat.vhd" into library xil_defaultlib [C:/Users/ZhengchengTao/Documents/VC709_IPbus_trigger/project_2/project_2.srcs/sources_1/imports/sources_1/VC709_ipbus/ipbus/ipbus_core/hdl/udp_if_flat.vhd:1]
INFO: [HDL 9-1061] Parsing VHDL file "C:/Users/ZhengchengTao/Documents/VC709_IPbus_trigger/project_2/project_2.srcs/sources_1/imports/sources_1/VC709_ipbus/ipbus/ipbus_core/hdl/udp_ipaddr_block.vhd" into library xil_defaultlib [C:/Users/ZhengchengTao/Documents/VC709_IPbus_trigger/project_2/project_2.srcs/sources_1/imports/sources_1/VC709_ipbus/ipbus/ipbus_core/hdl/udp_ipaddr_block.vhd:1]
INFO: [HDL 9-1061] Parsing VHDL file "C:/Users/ZhengchengTao/Documents/VC709_IPbus_trigger/project_2/project_2.srcs/sources_1/imports/sources_1/VC709_ipbus/ipbus/ipbus_core/hdl/udp_packet_parser.vhd" into library xil_defaultlib [C:/Users/ZhengchengTao/Documents/VC709_IPbus_trigger/project_2/project_2.srcs/sources_1/imports/sources_1/VC709_ipbus/ipbus/ipbus_core/hdl/udp_packet_parser.vhd:1]
INFO: [HDL 9-1061] Parsing VHDL file "C:/Users/ZhengchengTao/Documents/VC709_IPbus_trigger/project_2/project_2.srcs/sources_1/imports/sources_1/VC709_ipbus/ipbus/ipbus_core/hdl/udp_rarp_block.vhd" into library xil_defaultlib [C:/Users/ZhengchengTao/Documents/VC709_IPbus_trigger/project_2/project_2.srcs/sources_1/imports/sources_1/VC709_ipbus/ipbus/ipbus_core/hdl/udp_rarp_block.vhd:1]
INFO: [HDL 9-1061] Parsing VHDL file "C:/Users/ZhengchengTao/Documents/VC709_IPbus_trigger/project_2/project_2.srcs/sources_1/imports/sources_1/VC709_ipbus/ipbus/ipbus_core/hdl/udp_rxram_mux.vhd" into library xil_defaultlib [C:/Users/ZhengchengTao/Documents/VC709_IPbus_trigger/project_2/project_2.srcs/sources_1/imports/sources_1/VC709_ipbus/ipbus/ipbus_core/hdl/udp_rxram_mux.vhd:1]
INFO: [HDL 9-1061] Parsing VHDL file "C:/Users/ZhengchengTao/Documents/VC709_IPbus_trigger/project_2/project_2.srcs/sources_1/imports/sources_1/VC709_ipbus/ipbus/ipbus_core/hdl/udp_rxram_shim.vhd" into library xil_defaultlib [C:/Users/ZhengchengTao/Documents/VC709_IPbus_trigger/project_2/project_2.srcs/sources_1/imports/sources_1/VC709_ipbus/ipbus/ipbus_core/hdl/udp_rxram_shim.vhd:1]
INFO: [HDL 9-1061] Parsing VHDL file "C:/Users/ZhengchengTao/Documents/VC709_IPbus_trigger/project_2/project_2.srcs/sources_1/imports/sources_1/VC709_ipbus/ipbus/ipbus_core/hdl/udp_rxtransactor_if_simple.vhd" into library xil_defaultlib [C:/Users/ZhengchengTao/Documents/VC709_IPbus_trigger/project_2/project_2.srcs/sources_1/imports/sources_1/VC709_ipbus/ipbus/ipbus_core/hdl/udp_rxtransactor_if_simple.vhd:1]
INFO: [HDL 9-1061] Parsing VHDL file "C:/Users/ZhengchengTao/Documents/VC709_IPbus_trigger/project_2/project_2.srcs/sources_1/imports/sources_1/VC709_ipbus/ipbus/ipbus_core/hdl/udp_status_buffer.vhd" into library xil_defaultlib [C:/Users/ZhengchengTao/Documents/VC709_IPbus_trigger/project_2/project_2.srcs/sources_1/imports/sources_1/VC709_ipbus/ipbus/ipbus_core/hdl/udp_status_buffer.vhd:1]
INFO: [HDL 9-1061] Parsing VHDL file "C:/Users/ZhengchengTao/Documents/VC709_IPbus_trigger/project_2/project_2.srcs/sources_1/imports/sources_1/VC709_ipbus/ipbus/ipbus_core/hdl/udp_tx_mux.vhd" into library xil_defaultlib [C:/Users/ZhengchengTao/Documents/VC709_IPbus_trigger/project_2/project_2.srcs/sources_1/imports/sources_1/VC709_ipbus/ipbus/ipbus_core/hdl/udp_tx_mux.vhd:1]
INFO: [HDL 9-1061] Parsing VHDL file "C:/Users/ZhengchengTao/Documents/VC709_IPbus_trigger/project_2/project_2.srcs/sources_1/imports/sources_1/VC709_ipbus/ipbus/ipbus_core/hdl/udp_txtransactor_if_simple.vhd" into library xil_defaultlib [C:/Users/ZhengchengTao/Documents/VC709_IPbus_trigger/project_2/project_2.srcs/sources_1/imports/sources_1/VC709_ipbus/ipbus/ipbus_core/hdl/udp_txtransactor_if_simple.vhd:1]
[Thu Jan 29 15:18:07 2015] Launched TP_raw_stub_fifo_synth_1...
Run output will be captured here: C:/Users/ZhengchengTao/Documents/VC709_IPbus_trigger/project_2/project_2.runs/TP_raw_stub_fifo_synth_1/runme.log
[Thu Jan 29 15:18:07 2015] Launched synth_1...
Run output will be captured here: C:/Users/ZhengchengTao/Documents/VC709_IPbus_trigger/project_2/project_2.runs/synth_1/runme.log
