#-----------------------------------------------------------
# Vivado v2014.4 (64-bit)
# SW Build 1071353 on Tue Nov 18 18:24:04 MST 2014
# IP Build 1070531 on Tue Nov 18 01:10:18 MST 2014
# Start of session at: Tue Jan 27 15:13:31 2015
# Process ID: 216
# Log file: C:/Users/ZhengchengTao/Documents/VC709_IPbus_trigger/project_2/vivado.log
# Journal file: C:/Users/ZhengchengTao/Documents/VC709_IPbus_trigger/project_2\vivado.jou
#-----------------------------------------------------------
start_gui
open_project C:/Users/ZhengchengTao/Documents/VC709_IPbus_trigger/project_2/project_2.xpr
CRITICAL WARNING: [Project 1-19] Could not find the file 'C:/Users/ZhengchengTao/Documents/VC709_IPbus_trigger/project_2/archive_project_summary.txt'.
Scanning sources...
Finished scanning sources
INFO: [IP_Flow 19-234] Refreshing IP repositories
INFO: [IP_Flow 19-1704] No user IP repositories specified
INFO: [IP_Flow 19-2313] Loaded Vivado IP repository 'D:/Xilinx/Vivado/2014.4/data/ip'.
WARNING: [IP_Flow 19-3664] IP 'TP_raw_stub_fifo' generated file not found 'c:/Users/ZhengchengTao/Documents/VC709_IPbus_trigger/project_2/project_2.srcs/sources_1/ip/TP_raw_stub_fifo/TP_raw_stub_fifo.dcp'. Please regenerate to continue.
WARNING: [IP_Flow 19-3664] IP 'TP_raw_stub_fifo' generated file not found 'c:/Users/ZhengchengTao/Documents/VC709_IPbus_trigger/project_2/project_2.srcs/sources_1/ip/TP_raw_stub_fifo/TP_raw_stub_fifo_stub.v'. Please regenerate to continue.
WARNING: [IP_Flow 19-3664] IP 'TP_raw_stub_fifo' generated file not found 'c:/Users/ZhengchengTao/Documents/VC709_IPbus_trigger/project_2/project_2.srcs/sources_1/ip/TP_raw_stub_fifo/TP_raw_stub_fifo_stub.vhdl'. Please regenerate to continue.
WARNING: [IP_Flow 19-3664] IP 'TP_raw_stub_fifo' generated file not found 'c:/Users/ZhengchengTao/Documents/VC709_IPbus_trigger/project_2/project_2.srcs/sources_1/ip/TP_raw_stub_fifo/TP_raw_stub_fifo_funcsim.v'. Please regenerate to continue.
WARNING: [IP_Flow 19-3664] IP 'TP_raw_stub_fifo' generated file not found 'c:/Users/ZhengchengTao/Documents/VC709_IPbus_trigger/project_2/project_2.srcs/sources_1/ip/TP_raw_stub_fifo/TP_raw_stub_fifo_funcsim.vhdl'. Please regenerate to continue.
WARNING: [IP_Flow 19-3664] IP 'gig_ethernet_pcs_pma_0' generated file not found 'c:/Users/ZhengchengTao/Documents/VC709_IPbus_trigger/project_2/project_2.srcs/sources_1/ip/gig_ethernet_pcs_pma_0/gig_ethernet_pcs_pma_0.dcp'. Please regenerate to continue.
WARNING: [IP_Flow 19-3664] IP 'gig_ethernet_pcs_pma_0' generated file not found 'c:/Users/ZhengchengTao/Documents/VC709_IPbus_trigger/project_2/project_2.srcs/sources_1/ip/gig_ethernet_pcs_pma_0/gig_ethernet_pcs_pma_0_stub.v'. Please regenerate to continue.
WARNING: [IP_Flow 19-3664] IP 'gig_ethernet_pcs_pma_0' generated file not found 'c:/Users/ZhengchengTao/Documents/VC709_IPbus_trigger/project_2/project_2.srcs/sources_1/ip/gig_ethernet_pcs_pma_0/gig_ethernet_pcs_pma_0_stub.vhdl'. Please regenerate to continue.
WARNING: [IP_Flow 19-3664] IP 'gig_ethernet_pcs_pma_0' generated file not found 'c:/Users/ZhengchengTao/Documents/VC709_IPbus_trigger/project_2/project_2.srcs/sources_1/ip/gig_ethernet_pcs_pma_0/gig_ethernet_pcs_pma_0_funcsim.v'. Please regenerate to continue.
WARNING: [IP_Flow 19-3664] IP 'gig_ethernet_pcs_pma_0' generated file not found 'c:/Users/ZhengchengTao/Documents/VC709_IPbus_trigger/project_2/project_2.srcs/sources_1/ip/gig_ethernet_pcs_pma_0/gig_ethernet_pcs_pma_0_funcsim.vhdl'. Please regenerate to continue.
WARNING: [IP_Flow 19-3664] IP 'trigger_clock_synth' generated file not found 'c:/Users/ZhengchengTao/Documents/VC709_IPbus_trigger/project_2/project_2.srcs/sources_1/ip/trigger_clock_synth/trigger_clock_synth.dcp'. Please regenerate to continue.
WARNING: [IP_Flow 19-3664] IP 'trigger_clock_synth' generated file not found 'c:/Users/ZhengchengTao/Documents/VC709_IPbus_trigger/project_2/project_2.srcs/sources_1/ip/trigger_clock_synth/trigger_clock_synth_stub.v'. Please regenerate to continue.
WARNING: [IP_Flow 19-3664] IP 'trigger_clock_synth' generated file not found 'c:/Users/ZhengchengTao/Documents/VC709_IPbus_trigger/project_2/project_2.srcs/sources_1/ip/trigger_clock_synth/trigger_clock_synth_stub.vhdl'. Please regenerate to continue.
WARNING: [IP_Flow 19-3664] IP 'trigger_clock_synth' generated file not found 'c:/Users/ZhengchengTao/Documents/VC709_IPbus_trigger/project_2/project_2.srcs/sources_1/ip/trigger_clock_synth/trigger_clock_synth_funcsim.v'. Please regenerate to continue.
WARNING: [IP_Flow 19-3664] IP 'trigger_clock_synth' generated file not found 'c:/Users/ZhengchengTao/Documents/VC709_IPbus_trigger/project_2/project_2.srcs/sources_1/ip/trigger_clock_synth/trigger_clock_synth_funcsim.vhdl'. Please regenerate to continue.
open_project: Time (s): cpu = 00:00:12 ; elapsed = 00:00:05 . Memory (MB): peak = 745.656 ; gain = 183.273
update_compile_order -fileset sources_1
reset_run TP_raw_stub_fifo_synth_1
reset_run gig_ethernet_pcs_pma_0_synth_1
reset_run trigger_clock_synth_synth_1
reset_run synth_1
launch_runs synth_1
INFO: [HDL 9-2216] Analyzing Verilog file "C:/Users/ZhengchengTao/Documents/VC709_IPbus_trigger/project_2/project_2.srcs/sources_1/imports/sources_1/new/AllProj.v" into library work [C:/Users/ZhengchengTao/Documents/VC709_IPbus_trigger/project_2/project_2.srcs/sources_1/imports/sources_1/new/AllProj.v:1]
INFO: [HDL 9-2216] Analyzing Verilog file "C:/Users/ZhengchengTao/Documents/VC709_IPbus_trigger/project_2/project_2.srcs/sources_1/imports/sources_1/new/AllStubs.v" into library work [C:/Users/ZhengchengTao/Documents/VC709_IPbus_trigger/project_2/project_2.srcs/sources_1/imports/sources_1/new/AllStubs.v:1]
INFO: [HDL 9-2216] Analyzing Verilog file "C:/Users/ZhengchengTao/Documents/VC709_IPbus_trigger/project_2/project_2.srcs/sources_1/imports/sources_1/new/FullMatches.v" into library work [C:/Users/ZhengchengTao/Documents/VC709_IPbus_trigger/project_2/project_2.srcs/sources_1/imports/sources_1/new/FullMatches.v:1]
INFO: [HDL 9-2216] Analyzing Verilog file "C:/Users/ZhengchengTao/Documents/VC709_IPbus_trigger/project_2/project_2.srcs/sources_1/imports/sources_1/imports/sim5/IPB_IO_interface.v" into library work [C:/Users/ZhengchengTao/Documents/VC709_IPbus_trigger/project_2/project_2.srcs/sources_1/imports/sources_1/imports/sim5/IPB_IO_interface.v:1]
INFO: [HDL 9-2216] Analyzing Verilog file "C:/Users/ZhengchengTao/Documents/VC709_IPbus_trigger/project_2/project_2.srcs/sources_1/imports/sources_1/new/InputLink.v" into library work [C:/Users/ZhengchengTao/Documents/VC709_IPbus_trigger/project_2/project_2.srcs/sources_1/imports/sources_1/new/InputLink.v:1]
INFO: [HDL 9-2216] Analyzing Verilog file "C:/Users/ZhengchengTao/Documents/VC709_IPbus_trigger/project_2/project_2.srcs/sources_1/imports/sources_1/new/LayerRouter.v" into library work [C:/Users/ZhengchengTao/Documents/VC709_IPbus_trigger/project_2/project_2.srcs/sources_1/imports/sources_1/new/LayerRouter.v:1]
INFO: [HDL 9-2216] Analyzing Verilog file "C:/Users/ZhengchengTao/Documents/VC709_IPbus_trigger/project_2/project_2.srcs/sources_1/imports/sources_1/new/Match.v" into library work [C:/Users/ZhengchengTao/Documents/VC709_IPbus_trigger/project_2/project_2.srcs/sources_1/imports/sources_1/new/Match.v:1]
INFO: [HDL 9-2216] Analyzing Verilog file "C:/Users/ZhengchengTao/Documents/VC709_IPbus_trigger/project_2/project_2.srcs/sources_1/imports/sources_1/new/MatchCombiner.v" into library work [C:/Users/ZhengchengTao/Documents/VC709_IPbus_trigger/project_2/project_2.srcs/sources_1/imports/sources_1/new/MatchCombiner.v:1]
INFO: [HDL 9-2216] Analyzing Verilog file "C:/Users/ZhengchengTao/Documents/VC709_IPbus_trigger/project_2/project_2.srcs/sources_1/imports/sources_1/new/MatchEngine.v" into library work [C:/Users/ZhengchengTao/Documents/VC709_IPbus_trigger/project_2/project_2.srcs/sources_1/imports/sources_1/new/MatchEngine.v:1]
INFO: [HDL 9-2216] Analyzing Verilog file "C:/Users/ZhengchengTao/Documents/VC709_IPbus_trigger/project_2/project_2.srcs/sources_1/imports/sources_1/new/Memory.v" into library work [C:/Users/ZhengchengTao/Documents/VC709_IPbus_trigger/project_2/project_2.srcs/sources_1/imports/sources_1/new/Memory.v:1]
INFO: [HDL 9-2216] Analyzing Verilog file "C:/Users/ZhengchengTao/Documents/VC709_IPbus_trigger/project_2/project_2.srcs/sources_1/imports/sources_1/new/ProjRouter.v" into library work [C:/Users/ZhengchengTao/Documents/VC709_IPbus_trigger/project_2/project_2.srcs/sources_1/imports/sources_1/new/ProjRouter.v:1]
INFO: [HDL 9-2216] Analyzing Verilog file "C:/Users/ZhengchengTao/Documents/VC709_IPbus_trigger/project_2/project_2.srcs/sources_1/imports/sources_1/new/StubPairs.v" into library work [C:/Users/ZhengchengTao/Documents/VC709_IPbus_trigger/project_2/project_2.srcs/sources_1/imports/sources_1/new/StubPairs.v:1]
INFO: [HDL 9-2216] Analyzing Verilog file "C:/Users/ZhengchengTao/Documents/VC709_IPbus_trigger/project_2/project_2.srcs/sources_1/imports/sources_1/new/StubsByLayer.v" into library work [C:/Users/ZhengchengTao/Documents/VC709_IPbus_trigger/project_2/project_2.srcs/sources_1/imports/sources_1/new/StubsByLayer.v:1]
INFO: [HDL 9-2216] Analyzing Verilog file "C:/Users/ZhengchengTao/Documents/VC709_IPbus_trigger/project_2/project_2.srcs/sources_1/imports/sources_1/new/TE.v" into library work [C:/Users/ZhengchengTao/Documents/VC709_IPbus_trigger/project_2/project_2.srcs/sources_1/imports/sources_1/new/TE.v:1]
INFO: [HDL 9-2216] Analyzing Verilog file "C:/Users/ZhengchengTao/Documents/VC709_IPbus_trigger/project_2/project_2.srcs/sources_1/imports/sources_1/new/TrackFit.v" into library work [C:/Users/ZhengchengTao/Documents/VC709_IPbus_trigger/project_2/project_2.srcs/sources_1/imports/sources_1/new/TrackFit.v:1]
INFO: [HDL 9-2216] Analyzing Verilog file "C:/Users/ZhengchengTao/Documents/VC709_IPbus_trigger/project_2/project_2.srcs/sources_1/imports/sources_1/new/TrackPars.v" into library work [C:/Users/ZhengchengTao/Documents/VC709_IPbus_trigger/project_2/project_2.srcs/sources_1/imports/sources_1/new/TrackPars.v:1]
INFO: [HDL 9-2216] Analyzing Verilog file "C:/Users/ZhengchengTao/Documents/VC709_IPbus_trigger/project_2/project_2.srcs/sources_1/imports/sources_1/new/TrackProj.v" into library work [C:/Users/ZhengchengTao/Documents/VC709_IPbus_trigger/project_2/project_2.srcs/sources_1/imports/sources_1/new/TrackProj.v:1]
INFO: [HDL 9-2216] Analyzing Verilog file "C:/Users/ZhengchengTao/Documents/VC709_IPbus_trigger/project_2/project_2.srcs/sources_1/imports/sources_1/new/TrackletCombiner.v" into library work [C:/Users/ZhengchengTao/Documents/VC709_IPbus_trigger/project_2/project_2.srcs/sources_1/imports/sources_1/new/TrackletCombiner.v:1]
INFO: [HDL 9-2216] Analyzing Verilog file "C:/Users/ZhengchengTao/Documents/VC709_IPbus_trigger/project_2/project_2.srcs/sources_1/imports/sources_1/new/TrackletProjections.v" into library work [C:/Users/ZhengchengTao/Documents/VC709_IPbus_trigger/project_2/project_2.srcs/sources_1/imports/sources_1/new/TrackletProjections.v:1]
INFO: [HDL 9-2216] Analyzing Verilog file "C:/Users/ZhengchengTao/Documents/VC709_IPbus_trigger/project_2/project_2.srcs/sources_1/imports/sources_1/new/Tracklet_processing.v" into library work [C:/Users/ZhengchengTao/Documents/VC709_IPbus_trigger/project_2/project_2.srcs/sources_1/imports/sources_1/new/Tracklet_processing.v:1]
INFO: [HDL 9-2216] Analyzing Verilog file "C:/Users/ZhengchengTao/Documents/VC709_IPbus_trigger/project_2/project_2.srcs/sources_1/imports/sources_1/new/TracksPars.v" into library work [C:/Users/ZhengchengTao/Documents/VC709_IPbus_trigger/project_2/project_2.srcs/sources_1/imports/sources_1/new/TracksPars.v:1]
INFO: [HDL 9-2216] Analyzing Verilog file "C:/Users/ZhengchengTao/Documents/VC709_IPbus_trigger/project_2/project_2.srcs/sources_1/imports/sources_1/new/VMProj.v" into library work [C:/Users/ZhengchengTao/Documents/VC709_IPbus_trigger/project_2/project_2.srcs/sources_1/imports/sources_1/new/VMProj.v:1]
INFO: [HDL 9-2216] Analyzing Verilog file "C:/Users/ZhengchengTao/Documents/VC709_IPbus_trigger/project_2/project_2.srcs/sources_1/imports/sources_1/new/VMRouters.v" into library work [C:/Users/ZhengchengTao/Documents/VC709_IPbus_trigger/project_2/project_2.srcs/sources_1/imports/sources_1/new/VMRouters.v:1]
INFO: [HDL 9-2216] Analyzing Verilog file "C:/Users/ZhengchengTao/Documents/VC709_IPbus_trigger/project_2/project_2.srcs/sources_1/imports/sources_1/new/VMStubs.v" into library work [C:/Users/ZhengchengTao/Documents/VC709_IPbus_trigger/project_2/project_2.srcs/sources_1/imports/sources_1/new/VMStubs.v:1]
INFO: [HDL 9-2216] Analyzing Verilog file "C:/Users/ZhengchengTao/Documents/VC709_IPbus_trigger/project_2/project_2.srcs/sources_1/imports/sources_1/new/verilog_trigger_top.v" into library work [C:/Users/ZhengchengTao/Documents/VC709_IPbus_trigger/project_2/project_2.srcs/sources_1/imports/sources_1/new/verilog_trigger_top.v:1]
INFO: [HDL 9-1061] Parsing VHDL file "C:/Users/ZhengchengTao/Documents/VC709_IPbus_trigger/project_2/project_2.srcs/sources_1/imports/sources_1/VC709_ipbus/ipbus/ethernet/hdl/EthernetCRC.vhd" into library xil_defaultlib [C:/Users/ZhengchengTao/Documents/VC709_IPbus_trigger/project_2/project_2.srcs/sources_1/imports/sources_1/VC709_ipbus/ipbus/ethernet/hdl/EthernetCRC.vhd:1]
INFO: [HDL 9-1061] Parsing VHDL file "C:/Users/ZhengchengTao/Documents/VC709_IPbus_trigger/project_2/project_2.srcs/sources_1/imports/sources_1/VC709_ipbus/ipbus/hdl/clock_div.vhd" into library xil_defaultlib [C:/Users/ZhengchengTao/Documents/VC709_IPbus_trigger/project_2/project_2.srcs/sources_1/imports/sources_1/VC709_ipbus/ipbus/hdl/clock_div.vhd:1]
INFO: [HDL 9-1061] Parsing VHDL file "C:/Users/ZhengchengTao/Documents/VC709_IPbus_trigger/project_2/project_2.srcs/sources_1/imports/sources_1/VC709_ipbus/ipbus/hdl/clocks_7s_serdes.vhd" into library xil_defaultlib [C:/Users/ZhengchengTao/Documents/VC709_IPbus_trigger/project_2/project_2.srcs/sources_1/imports/sources_1/VC709_ipbus/ipbus/hdl/clocks_7s_serdes.vhd:1]
INFO: [HDL 9-1061] Parsing VHDL file "C:/Users/ZhengchengTao/Documents/VC709_IPbus_trigger/project_2/project_2.srcs/sources_1/imports/sources_1/VC709_ipbus/ipbus/ethernet/hdl/emac_hostbus_decl.vhd" into library xil_defaultlib [C:/Users/ZhengchengTao/Documents/VC709_IPbus_trigger/project_2/project_2.srcs/sources_1/imports/sources_1/VC709_ipbus/ipbus/ethernet/hdl/emac_hostbus_decl.vhd:1]
INFO: [HDL 9-1061] Parsing VHDL file "C:/Users/ZhengchengTao/Documents/VC709_IPbus_trigger/project_2/project_2.srcs/sources_1/imports/sources_1/VC709_ipbus/ipbus/ethernet/hdl/eth_7s_1000basex_new.vhd" into library xil_defaultlib [C:/Users/ZhengchengTao/Documents/VC709_IPbus_trigger/project_2/project_2.srcs/sources_1/imports/sources_1/VC709_ipbus/ipbus/ethernet/hdl/eth_7s_1000basex_new.vhd:1]
INFO: [HDL 9-1061] Parsing VHDL file "C:/Users/ZhengchengTao/Documents/VC709_IPbus_trigger/project_2/project_2.srcs/sources_1/imports/sources_1/VC709_ipbus/ipbus/hdl/ipbus_addr_decode.vhd" into library xil_defaultlib [C:/Users/ZhengchengTao/Documents/VC709_IPbus_trigger/project_2/project_2.srcs/sources_1/imports/sources_1/VC709_ipbus/ipbus/hdl/ipbus_addr_decode.vhd:1]
INFO: [HDL 9-1061] Parsing VHDL file "C:/Users/ZhengchengTao/Documents/VC709_IPbus_trigger/project_2/project_2.srcs/sources_1/imports/sources_1/VC709_ipbus/ipbus/ipbus_core/hdl/ipbus_ctrl.vhd" into library xil_defaultlib [C:/Users/ZhengchengTao/Documents/VC709_IPbus_trigger/project_2/project_2.srcs/sources_1/imports/sources_1/VC709_ipbus/ipbus/ipbus_core/hdl/ipbus_ctrl.vhd:1]
INFO: [HDL 9-1061] Parsing VHDL file "C:/Users/ZhengchengTao/Documents/VC709_IPbus_trigger/project_2/project_2.srcs/sources_1/imports/sources_1/VC709_ipbus/ipbus/slaves/hdl/ipbus_ctrlreg.vhd" into library xil_defaultlib [C:/Users/ZhengchengTao/Documents/VC709_IPbus_trigger/project_2/project_2.srcs/sources_1/imports/sources_1/VC709_ipbus/ipbus/slaves/hdl/ipbus_ctrlreg.vhd:1]
INFO: [HDL 9-1061] Parsing VHDL file "C:/Users/ZhengchengTao/Documents/VC709_IPbus_trigger/project_2/project_2.srcs/sources_1/imports/sources_1/VC709_ipbus/ipbus/ipbus_core/hdl/ipbus_fabric.vhd" into library xil_defaultlib [C:/Users/ZhengchengTao/Documents/VC709_IPbus_trigger/project_2/project_2.srcs/sources_1/imports/sources_1/VC709_ipbus/ipbus/ipbus_core/hdl/ipbus_fabric.vhd:1]
INFO: [HDL 9-1061] Parsing VHDL file "C:/Users/ZhengchengTao/Documents/VC709_IPbus_trigger/project_2/project_2.srcs/sources_1/imports/sources_1/VC709_ipbus/ipbus/ipbus_core/hdl/ipbus_package.vhd" into library xil_defaultlib [C:/Users/ZhengchengTao/Documents/VC709_IPbus_trigger/project_2/project_2.srcs/sources_1/imports/sources_1/VC709_ipbus/ipbus/ipbus_core/hdl/ipbus_package.vhd:1]
INFO: [HDL 9-1061] Parsing VHDL file "C:/Users/ZhengchengTao/Documents/VC709_IPbus_trigger/project_2/project_2.srcs/sources_1/imports/sources_1/VC709_ipbus/ipbus/slaves/hdl/ipbus_peephole_ram.vhd" into library xil_defaultlib [C:/Users/ZhengchengTao/Documents/VC709_IPbus_trigger/project_2/project_2.srcs/sources_1/imports/sources_1/VC709_ipbus/ipbus/slaves/hdl/ipbus_peephole_ram.vhd:1]
INFO: [HDL 9-1061] Parsing VHDL file "C:/Users/ZhengchengTao/Documents/VC709_IPbus_trigger/project_2/project_2.srcs/sources_1/imports/sources_1/VC709_ipbus/ipbus/slaves/hdl/ipbus_pkt_ctr.vhd" into library xil_defaultlib [C:/Users/ZhengchengTao/Documents/VC709_IPbus_trigger/project_2/project_2.srcs/sources_1/imports/sources_1/VC709_ipbus/ipbus/slaves/hdl/ipbus_pkt_ctr.vhd:1]
INFO: [HDL 9-1061] Parsing VHDL file "C:/Users/ZhengchengTao/Documents/VC709_IPbus_trigger/project_2/project_2.srcs/sources_1/imports/sources_1/VC709_ipbus/ipbus/slaves/hdl/ipbus_ram.vhd" into library xil_defaultlib [C:/Users/ZhengchengTao/Documents/VC709_IPbus_trigger/project_2/project_2.srcs/sources_1/imports/sources_1/VC709_ipbus/ipbus/slaves/hdl/ipbus_ram.vhd:1]
INFO: [HDL 9-1061] Parsing VHDL file "C:/Users/ZhengchengTao/Documents/VC709_IPbus_trigger/project_2/project_2.srcs/sources_1/imports/sources_1/VC709_ipbus/ipbus/slaves/hdl/ipbus_reg.vhd" into library xil_defaultlib [C:/Users/ZhengchengTao/Documents/VC709_IPbus_trigger/project_2/project_2.srcs/sources_1/imports/sources_1/VC709_ipbus/ipbus/slaves/hdl/ipbus_reg.vhd:1]
INFO: [HDL 9-1061] Parsing VHDL file "C:/Users/ZhengchengTao/Documents/VC709_IPbus_trigger/project_2/project_2.srcs/sources_1/imports/sources_1/VC709_ipbus/ipbus/ipbus_core/hdl/ipbus_trans_decl.vhd" into library xil_defaultlib [C:/Users/ZhengchengTao/Documents/VC709_IPbus_trigger/project_2/project_2.srcs/sources_1/imports/sources_1/VC709_ipbus/ipbus/ipbus_core/hdl/ipbus_trans_decl.vhd:1]
INFO: [HDL 9-1061] Parsing VHDL file "C:/Users/ZhengchengTao/Documents/VC709_IPbus_trigger/project_2/project_2.srcs/sources_1/imports/sources_1/VC709_ipbus/ipbus/slaves/hdl/ipbus_trigger_top.vhd" into library xil_defaultlib [C:/Users/ZhengchengTao/Documents/VC709_IPbus_trigger/project_2/project_2.srcs/sources_1/imports/sources_1/VC709_ipbus/ipbus/slaves/hdl/ipbus_trigger_top.vhd:1]
INFO: [HDL 9-1061] Parsing VHDL file "C:/Users/ZhengchengTao/Documents/VC709_IPbus_trigger/project_2/project_2.srcs/sources_1/imports/sources_1/VC709_ipbus/ipbus/ethernet/hdl/mac_arbiter_decl.vhd" into library xil_defaultlib [C:/Users/ZhengchengTao/Documents/VC709_IPbus_trigger/project_2/project_2.srcs/sources_1/imports/sources_1/VC709_ipbus/ipbus/ethernet/hdl/mac_arbiter_decl.vhd:1]
INFO: [HDL 9-1061] Parsing VHDL file "C:/Users/ZhengchengTao/Documents/VC709_IPbus_trigger/project_2/project_2.srcs/sources_1/imports/sources_1/VC709_ipbus/ipbus/hdl/slaves.vhd" into library xil_defaultlib [C:/Users/ZhengchengTao/Documents/VC709_IPbus_trigger/project_2/project_2.srcs/sources_1/imports/sources_1/VC709_ipbus/ipbus/hdl/slaves.vhd:1]
INFO: [HDL 9-1061] Parsing VHDL file "C:/Users/ZhengchengTao/Documents/VC709_IPbus_trigger/project_2/project_2.srcs/sources_1/imports/sources_1/VC709_ipbus/ipbus/ethernet/hdl/soft_emac_AXI4.vhd" into library xil_defaultlib [C:/Users/ZhengchengTao/Documents/VC709_IPbus_trigger/project_2/project_2.srcs/sources_1/imports/sources_1/VC709_ipbus/ipbus/ethernet/hdl/soft_emac_AXI4.vhd:1]
INFO: [HDL 9-1061] Parsing VHDL file "C:/Users/ZhengchengTao/Documents/VC709_IPbus_trigger/project_2/project_2.srcs/sources_1/imports/sources_1/VC709_ipbus/ipbus/ipbus_core/hdl/stretcher.vhd" into library xil_defaultlib [C:/Users/ZhengchengTao/Documents/VC709_IPbus_trigger/project_2/project_2.srcs/sources_1/imports/sources_1/VC709_ipbus/ipbus/ipbus_core/hdl/stretcher.vhd:1]
INFO: [HDL 9-1061] Parsing VHDL file "C:/Users/ZhengchengTao/Documents/VC709_IPbus_trigger/project_2/project_2.srcs/sources_1/imports/sources_1/VC709_ipbus/top/top_vc709_basex.vhd" into library xil_defaultlib [C:/Users/ZhengchengTao/Documents/VC709_IPbus_trigger/project_2/project_2.srcs/sources_1/imports/sources_1/VC709_ipbus/top/top_vc709_basex.vhd:1]
INFO: [HDL 9-1061] Parsing VHDL file "C:/Users/ZhengchengTao/Documents/VC709_IPbus_trigger/project_2/project_2.srcs/sources_1/imports/sources_1/VC709_ipbus/ipbus/ipbus_core/hdl/trans_arb.vhd" into library xil_defaultlib [C:/Users/ZhengchengTao/Documents/VC709_IPbus_trigger/project_2/project_2.srcs/sources_1/imports/sources_1/VC709_ipbus/ipbus/ipbus_core/hdl/trans_arb.vhd:1]
INFO: [HDL 9-1061] Parsing VHDL file "C:/Users/ZhengchengTao/Documents/VC709_IPbus_trigger/project_2/project_2.srcs/sources_1/imports/sources_1/VC709_ipbus/ipbus/ipbus_core/hdl/transactor.vhd" into library xil_defaultlib [C:/Users/ZhengchengTao/Documents/VC709_IPbus_trigger/project_2/project_2.srcs/sources_1/imports/sources_1/VC709_ipbus/ipbus/ipbus_core/hdl/transactor.vhd:1]
INFO: [HDL 9-1061] Parsing VHDL file "C:/Users/ZhengchengTao/Documents/VC709_IPbus_trigger/project_2/project_2.srcs/sources_1/imports/sources_1/VC709_ipbus/ipbus/ipbus_core/hdl/transactor_cfg.vhd" into library xil_defaultlib [C:/Users/ZhengchengTao/Documents/VC709_IPbus_trigger/project_2/project_2.srcs/sources_1/imports/sources_1/VC709_ipbus/ipbus/ipbus_core/hdl/transactor_cfg.vhd:1]
INFO: [HDL 9-1061] Parsing VHDL file "C:/Users/ZhengchengTao/Documents/VC709_IPbus_trigger/project_2/project_2.srcs/sources_1/imports/sources_1/VC709_ipbus/ipbus/ipbus_core/hdl/transactor_if.vhd" into library xil_defaultlib [C:/Users/ZhengchengTao/Documents/VC709_IPbus_trigger/project_2/project_2.srcs/sources_1/imports/sources_1/VC709_ipbus/ipbus/ipbus_core/hdl/transactor_if.vhd:1]
INFO: [HDL 9-1061] Parsing VHDL file "C:/Users/ZhengchengTao/Documents/VC709_IPbus_trigger/project_2/project_2.srcs/sources_1/imports/sources_1/VC709_ipbus/ipbus/ipbus_core/hdl/transactor_sm.vhd" into library xil_defaultlib [C:/Users/ZhengchengTao/Documents/VC709_IPbus_trigger/project_2/project_2.srcs/sources_1/imports/sources_1/VC709_ipbus/ipbus/ipbus_core/hdl/transactor_sm.vhd:1]
INFO: [HDL 9-1061] Parsing VHDL file "C:/Users/ZhengchengTao/Documents/VC709_IPbus_trigger/project_2/project_2.srcs/sources_1/imports/sources_1/VC709_ipbus/ipbus/ipbus_core/hdl/udp_buffer_selector.vhd" into library xil_defaultlib [C:/Users/ZhengchengTao/Documents/VC709_IPbus_trigger/project_2/project_2.srcs/sources_1/imports/sources_1/VC709_ipbus/ipbus/ipbus_core/hdl/udp_buffer_selector.vhd:1]
INFO: [HDL 9-1061] Parsing VHDL file "C:/Users/ZhengchengTao/Documents/VC709_IPbus_trigger/project_2/project_2.srcs/sources_1/imports/sources_1/VC709_ipbus/ipbus/ipbus_core/hdl/udp_build_arp.vhd" into library xil_defaultlib [C:/Users/ZhengchengTao/Documents/VC709_IPbus_trigger/project_2/project_2.srcs/sources_1/imports/sources_1/VC709_ipbus/ipbus/ipbus_core/hdl/udp_build_arp.vhd:1]
INFO: [HDL 9-1061] Parsing VHDL file "C:/Users/ZhengchengTao/Documents/VC709_IPbus_trigger/project_2/project_2.srcs/sources_1/imports/sources_1/VC709_ipbus/ipbus/ipbus_core/hdl/udp_build_payload.vhd" into library xil_defaultlib [C:/Users/ZhengchengTao/Documents/VC709_IPbus_trigger/project_2/project_2.srcs/sources_1/imports/sources_1/VC709_ipbus/ipbus/ipbus_core/hdl/udp_build_payload.vhd:1]
INFO: [HDL 9-1061] Parsing VHDL file "C:/Users/ZhengchengTao/Documents/VC709_IPbus_trigger/project_2/project_2.srcs/sources_1/imports/sources_1/VC709_ipbus/ipbus/ipbus_core/hdl/udp_build_ping.vhd" into library xil_defaultlib [C:/Users/ZhengchengTao/Documents/VC709_IPbus_trigger/project_2/project_2.srcs/sources_1/imports/sources_1/VC709_ipbus/ipbus/ipbus_core/hdl/udp_build_ping.vhd:1]
INFO: [HDL 9-1061] Parsing VHDL file "C:/Users/ZhengchengTao/Documents/VC709_IPbus_trigger/project_2/project_2.srcs/sources_1/imports/sources_1/VC709_ipbus/ipbus/ipbus_core/hdl/udp_build_resend.vhd" into library xil_defaultlib [C:/Users/ZhengchengTao/Documents/VC709_IPbus_trigger/project_2/project_2.srcs/sources_1/imports/sources_1/VC709_ipbus/ipbus/ipbus_core/hdl/udp_build_resend.vhd:1]
INFO: [HDL 9-1061] Parsing VHDL file "C:/Users/ZhengchengTao/Documents/VC709_IPbus_trigger/project_2/project_2.srcs/sources_1/imports/sources_1/VC709_ipbus/ipbus/ipbus_core/hdl/udp_build_status.vhd" into library xil_defaultlib [C:/Users/ZhengchengTao/Documents/VC709_IPbus_trigger/project_2/project_2.srcs/sources_1/imports/sources_1/VC709_ipbus/ipbus/ipbus_core/hdl/udp_build_status.vhd:1]
INFO: [HDL 9-1061] Parsing VHDL file "C:/Users/ZhengchengTao/Documents/VC709_IPbus_trigger/project_2/project_2.srcs/sources_1/imports/sources_1/VC709_ipbus/ipbus/ipbus_core/hdl/udp_byte_sum.vhd" into library xil_defaultlib [C:/Users/ZhengchengTao/Documents/VC709_IPbus_trigger/project_2/project_2.srcs/sources_1/imports/sources_1/VC709_ipbus/ipbus/ipbus_core/hdl/udp_byte_sum.vhd:1]
INFO: [HDL 9-1061] Parsing VHDL file "C:/Users/ZhengchengTao/Documents/VC709_IPbus_trigger/project_2/project_2.srcs/sources_1/imports/sources_1/VC709_ipbus/ipbus/ipbus_core/hdl/udp_clock_crossing_if.vhd" into library xil_defaultlib [C:/Users/ZhengchengTao/Documents/VC709_IPbus_trigger/project_2/project_2.srcs/sources_1/imports/sources_1/VC709_ipbus/ipbus/ipbus_core/hdl/udp_clock_crossing_if.vhd:1]
INFO: [HDL 9-1061] Parsing VHDL file "C:/Users/ZhengchengTao/Documents/VC709_IPbus_trigger/project_2/project_2.srcs/sources_1/imports/sources_1/VC709_ipbus/ipbus/ipbus_core/hdl/udp_do_rx_reset.vhd" into library xil_defaultlib [C:/Users/ZhengchengTao/Documents/VC709_IPbus_trigger/project_2/project_2.srcs/sources_1/imports/sources_1/VC709_ipbus/ipbus/ipbus_core/hdl/udp_do_rx_reset.vhd:1]
INFO: [HDL 9-1061] Parsing VHDL file "C:/Users/ZhengchengTao/Documents/VC709_IPbus_trigger/project_2/project_2.srcs/sources_1/imports/sources_1/VC709_ipbus/ipbus/ipbus_core/hdl/udp_dualportram.vhd" into library xil_defaultlib [C:/Users/ZhengchengTao/Documents/VC709_IPbus_trigger/project_2/project_2.srcs/sources_1/imports/sources_1/VC709_ipbus/ipbus/ipbus_core/hdl/udp_dualportram.vhd:1]
INFO: [HDL 9-1061] Parsing VHDL file "C:/Users/ZhengchengTao/Documents/VC709_IPbus_trigger/project_2/project_2.srcs/sources_1/imports/sources_1/VC709_ipbus/ipbus/ipbus_core/hdl/udp_dualportram_rx.vhd" into library xil_defaultlib [C:/Users/ZhengchengTao/Documents/VC709_IPbus_trigger/project_2/project_2.srcs/sources_1/imports/sources_1/VC709_ipbus/ipbus/ipbus_core/hdl/udp_dualportram_rx.vhd:1]
INFO: [HDL 9-1061] Parsing VHDL file "C:/Users/ZhengchengTao/Documents/VC709_IPbus_trigger/project_2/project_2.srcs/sources_1/imports/sources_1/VC709_ipbus/ipbus/ipbus_core/hdl/udp_dualportram_tx.vhd" into library xil_defaultlib [C:/Users/ZhengchengTao/Documents/VC709_IPbus_trigger/project_2/project_2.srcs/sources_1/imports/sources_1/VC709_ipbus/ipbus/ipbus_core/hdl/udp_dualportram_tx.vhd:1]
INFO: [HDL 9-1061] Parsing VHDL file "C:/Users/ZhengchengTao/Documents/VC709_IPbus_trigger/project_2/project_2.srcs/sources_1/imports/sources_1/VC709_ipbus/ipbus/ipbus_core/hdl/udp_if_flat.vhd" into library xil_defaultlib [C:/Users/ZhengchengTao/Documents/VC709_IPbus_trigger/project_2/project_2.srcs/sources_1/imports/sources_1/VC709_ipbus/ipbus/ipbus_core/hdl/udp_if_flat.vhd:1]
INFO: [HDL 9-1061] Parsing VHDL file "C:/Users/ZhengchengTao/Documents/VC709_IPbus_trigger/project_2/project_2.srcs/sources_1/imports/sources_1/VC709_ipbus/ipbus/ipbus_core/hdl/udp_ipaddr_block.vhd" into library xil_defaultlib [C:/Users/ZhengchengTao/Documents/VC709_IPbus_trigger/project_2/project_2.srcs/sources_1/imports/sources_1/VC709_ipbus/ipbus/ipbus_core/hdl/udp_ipaddr_block.vhd:1]
INFO: [HDL 9-1061] Parsing VHDL file "C:/Users/ZhengchengTao/Documents/VC709_IPbus_trigger/project_2/project_2.srcs/sources_1/imports/sources_1/VC709_ipbus/ipbus/ipbus_core/hdl/udp_packet_parser.vhd" into library xil_defaultlib [C:/Users/ZhengchengTao/Documents/VC709_IPbus_trigger/project_2/project_2.srcs/sources_1/imports/sources_1/VC709_ipbus/ipbus/ipbus_core/hdl/udp_packet_parser.vhd:1]
INFO: [HDL 9-1061] Parsing VHDL file "C:/Users/ZhengchengTao/Documents/VC709_IPbus_trigger/project_2/project_2.srcs/sources_1/imports/sources_1/VC709_ipbus/ipbus/ipbus_core/hdl/udp_rarp_block.vhd" into library xil_defaultlib [C:/Users/ZhengchengTao/Documents/VC709_IPbus_trigger/project_2/project_2.srcs/sources_1/imports/sources_1/VC709_ipbus/ipbus/ipbus_core/hdl/udp_rarp_block.vhd:1]
INFO: [HDL 9-1061] Parsing VHDL file "C:/Users/ZhengchengTao/Documents/VC709_IPbus_trigger/project_2/project_2.srcs/sources_1/imports/sources_1/VC709_ipbus/ipbus/ipbus_core/hdl/udp_rxram_mux.vhd" into library xil_defaultlib [C:/Users/ZhengchengTao/Documents/VC709_IPbus_trigger/project_2/project_2.srcs/sources_1/imports/sources_1/VC709_ipbus/ipbus/ipbus_core/hdl/udp_rxram_mux.vhd:1]
INFO: [HDL 9-1061] Parsing VHDL file "C:/Users/ZhengchengTao/Documents/VC709_IPbus_trigger/project_2/project_2.srcs/sources_1/imports/sources_1/VC709_ipbus/ipbus/ipbus_core/hdl/udp_rxram_shim.vhd" into library xil_defaultlib [C:/Users/ZhengchengTao/Documents/VC709_IPbus_trigger/project_2/project_2.srcs/sources_1/imports/sources_1/VC709_ipbus/ipbus/ipbus_core/hdl/udp_rxram_shim.vhd:1]
INFO: [HDL 9-1061] Parsing VHDL file "C:/Users/ZhengchengTao/Documents/VC709_IPbus_trigger/project_2/project_2.srcs/sources_1/imports/sources_1/VC709_ipbus/ipbus/ipbus_core/hdl/udp_rxtransactor_if_simple.vhd" into library xil_defaultlib [C:/Users/ZhengchengTao/Documents/VC709_IPbus_trigger/project_2/project_2.srcs/sources_1/imports/sources_1/VC709_ipbus/ipbus/ipbus_core/hdl/udp_rxtransactor_if_simple.vhd:1]
INFO: [HDL 9-1061] Parsing VHDL file "C:/Users/ZhengchengTao/Documents/VC709_IPbus_trigger/project_2/project_2.srcs/sources_1/imports/sources_1/VC709_ipbus/ipbus/ipbus_core/hdl/udp_status_buffer.vhd" into library xil_defaultlib [C:/Users/ZhengchengTao/Documents/VC709_IPbus_trigger/project_2/project_2.srcs/sources_1/imports/sources_1/VC709_ipbus/ipbus/ipbus_core/hdl/udp_status_buffer.vhd:1]
INFO: [HDL 9-1061] Parsing VHDL file "C:/Users/ZhengchengTao/Documents/VC709_IPbus_trigger/project_2/project_2.srcs/sources_1/imports/sources_1/VC709_ipbus/ipbus/ipbus_core/hdl/udp_tx_mux.vhd" into library xil_defaultlib [C:/Users/ZhengchengTao/Documents/VC709_IPbus_trigger/project_2/project_2.srcs/sources_1/imports/sources_1/VC709_ipbus/ipbus/ipbus_core/hdl/udp_tx_mux.vhd:1]
INFO: [HDL 9-1061] Parsing VHDL file "C:/Users/ZhengchengTao/Documents/VC709_IPbus_trigger/project_2/project_2.srcs/sources_1/imports/sources_1/VC709_ipbus/ipbus/ipbus_core/hdl/udp_txtransactor_if_simple.vhd" into library xil_defaultlib [C:/Users/ZhengchengTao/Documents/VC709_IPbus_trigger/project_2/project_2.srcs/sources_1/imports/sources_1/VC709_ipbus/ipbus/ipbus_core/hdl/udp_txtransactor_if_simple.vhd:1]
[Tue Jan 27 15:14:01 2015] Launched TP_raw_stub_fifo_synth_1, gig_ethernet_pcs_pma_0_synth_1, trigger_clock_synth_synth_1...
Run output will be captured here:
TP_raw_stub_fifo_synth_1: C:/Users/ZhengchengTao/Documents/VC709_IPbus_trigger/project_2/project_2.runs/TP_raw_stub_fifo_synth_1/runme.log
gig_ethernet_pcs_pma_0_synth_1: C:/Users/ZhengchengTao/Documents/VC709_IPbus_trigger/project_2/project_2.runs/gig_ethernet_pcs_pma_0_synth_1/runme.log
trigger_clock_synth_synth_1: C:/Users/ZhengchengTao/Documents/VC709_IPbus_trigger/project_2/project_2.runs/trigger_clock_synth_synth_1/runme.log
[Tue Jan 27 15:14:01 2015] Launched synth_1...
Run output will be captured here: C:/Users/ZhengchengTao/Documents/VC709_IPbus_trigger/project_2/project_2.runs/synth_1/runme.log
exit
INFO: [Common 17-206] Exiting Vivado at Tue Jan 27 15:28:15 2015...
