#-----------------------------------------------------------
# Vivado v2014.4 (64-bit)
# SW Build 1071353 on Tue Nov 18 18:29:27 MST 2014
# IP Build 1070531 on Tue Nov 18 01:10:18 MST 2014
# Start of session at: Wed Apr 15 13:53:11 2015
# Process ID: 9488
# Log file: D:/VC709_IPbus_trigger1/VC709_IPbus_trigger/project_2/vivado.log
# Journal file: D:/VC709_IPbus_trigger1/VC709_IPbus_trigger/project_2\vivado.jou
#-----------------------------------------------------------
start_gui
open_project D:/VC709_IPbus_trigger1/VC709_IPbus_trigger/project_2/project_2.xpr
CRITICAL WARNING: [Project 1-19] Could not find the file 'D:/VC709_IPbus_trigger1/VC709_IPbus_trigger/project_2/project_2.srcs/sources_1/ip/link_axis_data_fifo/link_axis_data_fifo.upgrade_log'.
Scanning sources...
Finished scanning sources
INFO: [IP_Flow 19-234] Refreshing IP repositories
INFO: [IP_Flow 19-1704] No user IP repositories specified
INFO: [IP_Flow 19-2313] Loaded Vivado IP repository 'C:/Xilinx/Vivado/2014.4/data/ip'.
open_project: Time (s): cpu = 00:00:32 ; elapsed = 00:00:12 . Memory (MB): peak = 849.184 ; gain = 288.051
exit
INFO: [Common 17-206] Exiting Vivado at Wed Apr 15 14:55:00 2015...
